[ 2018-01-08T11:28:07+08:00 ] 183.6.136.188 /loginapi/login
INFO: [ app_init ] --START--
INFO: Run Behavior\BuildLiteBehavior [ RunTime:0.000000s ]
INFO: [ app_init ] --END-- [ RunTime:0.000000s ]
INFO: [ app_begin ] --START--
INFO: Run Behavior\ReadHtmlCacheBehavior [ RunTime:0.000000s ]
INFO: [ app_begin ] --END-- [ RunTime:0.000000s ]
SQL: SHOW COLUMNS FROM `kq_site` [ RunTime:0.0156s ]
SQL: SELECT * FROM `kq_site` WHERE `account` = 'zzcn77' AND `password` = '14e1b600b1fd579f47433b88e8d85291' AND `status` = 1 LIMIT 1   [ RunTime:0.0000s ]

[ 2018-01-08T11:28:09+08:00 ] 183.6.136.188 /userapi/lists
INFO: [ app_init ] --START--
INFO: Run Behavior\BuildLiteBehavior [ RunTime:0.000000s ]
INFO: [ app_init ] --END-- [ RunTime:0.000000s ]
INFO: [ app_begin ] --START--
INFO: Run Behavior\ReadHtmlCacheBehavior [ RunTime:0.000000s ]
INFO: [ app_begin ] --END-- [ RunTime:0.000000s ]
SQL: SHOW COLUMNS FROM `kq_user` [ RunTime:0.0000s ]
SQL: SHOW COLUMNS FROM `kq_site` [ RunTime:0.0000s ]
SQL: SELECT `id`,`number`,`name`,`shang_hours`,`total_hours`,`end_time` FROM `kq_user` WHERE `status` = 1 AND `sid` = 28 LIMIT 0,10   [ RunTime:0.0000s ]
SQL: SELECT `id`,`name` FROM `kq_site` WHERE `id` = 28 LIMIT 0,10   [ RunTime:0.0000s ]

[ 2018-01-08T13:42:37+08:00 ] 183.6.136.188 /loginapi/login
INFO: [ app_init ] --START--
INFO: Run Behavior\BuildLiteBehavior [ RunTime:0.000000s ]
INFO: [ app_init ] --END-- [ RunTime:0.000000s ]
INFO: [ app_begin ] --START--
INFO: Run Behavior\ReadHtmlCacheBehavior [ RunTime:0.000000s ]
INFO: [ app_begin ] --END-- [ RunTime:0.000000s ]
SQL: SHOW COLUMNS FROM `kq_site` [ RunTime:0.0000s ]
SQL: SELECT * FROM `kq_site` WHERE `account` = 'zzcn77' AND `password` = '14e1b600b1fd579f47433b88e8d85291' AND `status` = 1 LIMIT 1   [ RunTime:0.0000s ]

[ 2018-01-08T13:42:39+08:00 ] 183.6.136.188 /userapi/lists
INFO: [ app_init ] --START--
INFO: Run Behavior\BuildLiteBehavior [ RunTime:0.000000s ]
INFO: [ app_init ] --END-- [ RunTime:0.000000s ]
INFO: [ app_begin ] --START--
INFO: Run Behavior\ReadHtmlCacheBehavior [ RunTime:0.000000s ]
INFO: [ app_begin ] --END-- [ RunTime:0.000000s ]
SQL: SHOW COLUMNS FROM `kq_user` [ RunTime:0.0000s ]
SQL: SHOW COLUMNS FROM `kq_site` [ RunTime:0.0000s ]
SQL: SELECT `id`,`number`,`name`,`shang_hours`,`total_hours`,`end_time` FROM `kq_user` WHERE `status` = 1 AND `sid` = 28 LIMIT 0,10   [ RunTime:0.0000s ]
SQL: SELECT `id`,`name` FROM `kq_site` WHERE `id` = 28 LIMIT 0,10   [ RunTime:0.0000s ]

[ 2018-01-08T13:42:42+08:00 ] 183.6.136.188 /userapi/lists
INFO: [ app_init ] --START--
INFO: Run Behavior\BuildLiteBehavior [ RunTime:0.000000s ]
INFO: [ app_init ] --END-- [ RunTime:0.000000s ]
INFO: [ app_begin ] --START--
INFO: Run Behavior\ReadHtmlCacheBehavior [ RunTime:0.000000s ]
INFO: [ app_begin ] --END-- [ RunTime:0.000000s ]
SQL: SHOW COLUMNS FROM `kq_user` [ RunTime:0.0000s ]
SQL: SHOW COLUMNS FROM `kq_site` [ RunTime:0.0000s ]
SQL: SELECT `id`,`number`,`name`,`shang_hours`,`total_hours`,`end_time` FROM `kq_user` WHERE `status` = 1 AND `sid` = 28 LIMIT 0,10   [ RunTime:0.0000s ]
SQL: SELECT `id`,`name` FROM `kq_site` WHERE `id` = 28 LIMIT 0,10   [ RunTime:0.0000s ]

[ 2018-01-08T13:42:49+08:00 ] 183.6.136.188 /userapi/lists
INFO: [ app_init ] --START--
INFO: Run Behavior\BuildLiteBehavior [ RunTime:0.000000s ]
INFO: [ app_init ] --END-- [ RunTime:0.000000s ]
INFO: [ app_begin ] --START--
INFO: Run Behavior\ReadHtmlCacheBehavior [ RunTime:0.000000s ]
INFO: [ app_begin ] --END-- [ RunTime:0.000000s ]
SQL: SHOW COLUMNS FROM `kq_user` [ RunTime:0.0000s ]
SQL: SHOW COLUMNS FROM `kq_site` [ RunTime:0.0000s ]
SQL: SELECT `id`,`number`,`name`,`shang_hours`,`total_hours`,`end_time` FROM `kq_user` WHERE `status` = 1 AND `sid` = 28 LIMIT 0,10   [ RunTime:0.0000s ]
SQL: SELECT `id`,`name` FROM `kq_site` WHERE `id` = 28 LIMIT 0,10   [ RunTime:0.0000s ]

[ 2018-01-08T13:42:51+08:00 ] 183.6.136.188 /userapi/detail
INFO: [ app_init ] --START--
INFO: Run Behavior\BuildLiteBehavior [ RunTime:0.000000s ]
INFO: [ app_init ] --END-- [ RunTime:0.000000s ]
INFO: [ app_begin ] --START--
INFO: Run Behavior\ReadHtmlCacheBehavior [ RunTime:0.000000s ]
INFO: [ app_begin ] --END-- [ RunTime:0.000000s ]
SQL: SHOW COLUMNS FROM `kq_user` [ RunTime:0.0000s ]
SQL: SELECT `name`,`sex`,`age`,`number`,`tel`,`sid`,`total_hours`,`shang_hours`,`start_time`,`end_time` FROM `kq_user` WHERE ( id='63' ) LIMIT 1   [ RunTime:0.0000s ]
SQL: SHOW COLUMNS FROM `kq_site` [ RunTime:0.0000s ]
SQL: SELECT `name` FROM `kq_site` WHERE ( id='28' ) LIMIT 1   [ RunTime:0.0000s ]

[ 2018-01-08T13:43:09+08:00 ] 183.6.136.188 /userapi/detail
INFO: [ app_init ] --START--
INFO: Run Behavior\BuildLiteBehavior [ RunTime:0.000000s ]
INFO: [ app_init ] --END-- [ RunTime:0.000000s ]
INFO: [ app_begin ] --START--
INFO: Run Behavior\ReadHtmlCacheBehavior [ RunTime:0.000000s ]
INFO: [ app_begin ] --END-- [ RunTime:0.000000s ]
SQL: SHOW COLUMNS FROM `kq_user` [ RunTime:0.0000s ]
SQL: SELECT `name`,`sex`,`age`,`number`,`tel`,`sid`,`total_hours`,`shang_hours`,`start_time`,`end_time` FROM `kq_user` WHERE ( id='63' ) LIMIT 1   [ RunTime:0.0000s ]
SQL: SHOW COLUMNS FROM `kq_site` [ RunTime:0.0000s ]
SQL: SELECT `name` FROM `kq_site` WHERE ( id='28' ) LIMIT 1   [ RunTime:0.0000s ]

[ 2018-01-08T13:43:20+08:00 ] 183.6.136.188 /userapi/detail
INFO: [ app_init ] --START--
INFO: Run Behavior\BuildLiteBehavior [ RunTime:0.000000s ]
INFO: [ app_init ] --END-- [ RunTime:0.000000s ]
INFO: [ app_begin ] --START--
INFO: Run Behavior\ReadHtmlCacheBehavior [ RunTime:0.000000s ]
INFO: [ app_begin ] --END-- [ RunTime:0.000000s ]
SQL: SHOW COLUMNS FROM `kq_user` [ RunTime:0.0000s ]
SQL: SELECT `name`,`sex`,`age`,`number`,`tel`,`sid`,`total_hours`,`shang_hours`,`start_time`,`end_time` FROM `kq_user` WHERE ( id='63' ) LIMIT 1   [ RunTime:0.0000s ]
SQL: SHOW COLUMNS FROM `kq_site` [ RunTime:0.0000s ]
SQL: SELECT `name` FROM `kq_site` WHERE ( id='28' ) LIMIT 1   [ RunTime:0.0000s ]

[ 2018-01-08T13:43:22+08:00 ] 183.6.136.188 /userapi/detail
INFO: [ app_init ] --START--
INFO: Run Behavior\BuildLiteBehavior [ RunTime:0.000000s ]
INFO: [ app_init ] --END-- [ RunTime:0.000000s ]
INFO: [ app_begin ] --START--
INFO: Run Behavior\ReadHtmlCacheBehavior [ RunTime:0.000000s ]
INFO: [ app_begin ] --END-- [ RunTime:0.000000s ]
SQL: SHOW COLUMNS FROM `kq_user` [ RunTime:0.0000s ]
SQL: SELECT `name`,`sex`,`age`,`number`,`tel`,`sid`,`total_hours`,`shang_hours`,`start_time`,`end_time` FROM `kq_user` WHERE ( id='63' ) LIMIT 1   [ RunTime:0.0000s ]
SQL: SHOW COLUMNS FROM `kq_site` [ RunTime:0.0000s ]
SQL: SELECT `name` FROM `kq_site` WHERE ( id='28' ) LIMIT 1   [ RunTime:0.0000s ]

[ 2018-01-08T13:43:33+08:00 ] 183.6.136.188 /userapi/do_edit
INFO: [ app_init ] --START--
INFO: Run Behavior\BuildLiteBehavior [ RunTime:0.000000s ]
INFO: [ app_init ] --END-- [ RunTime:0.000000s ]
INFO: [ app_begin ] --START--
INFO: Run Behavior\ReadHtmlCacheBehavior [ RunTime:0.000000s ]
INFO: [ app_begin ] --END-- [ RunTime:0.000000s ]
SQL: SHOW COLUMNS FROM `kq_user` [ RunTime:0.0000s ]
SQL: SELECT `id` FROM `kq_user` WHERE ( number='e8ndzvk8sf' and id != '63' ) LIMIT 1   [ RunTime:0.0000s ]
SQL: UPDATE `kq_user` SET `number`='e8ndzvk8sf',`name`='测试',`sex`='1',`age`='16',`tel`='13539792080',`sid`='0',`total_hours`='80',`sheng_hours`='80',`savetime`='1515390212',`start_time`='1515322627',`end_time`='1544180231' WHERE ( id='63' ) [ RunTime:0.0000s ]

[ 2018-01-08T13:43:34+08:00 ] 183.6.136.188 /userapi/lists
INFO: [ app_init ] --START--
INFO: Run Behavior\BuildLiteBehavior [ RunTime:0.000000s ]
INFO: [ app_init ] --END-- [ RunTime:0.000000s ]
INFO: [ app_begin ] --START--
INFO: Run Behavior\ReadHtmlCacheBehavior [ RunTime:0.000000s ]
INFO: [ app_begin ] --END-- [ RunTime:0.000000s ]
SQL: SHOW COLUMNS FROM `kq_user` [ RunTime:0.0000s ]
SQL: SHOW COLUMNS FROM `kq_site` [ RunTime:0.0000s ]
SQL: SELECT `id`,`number`,`name`,`shang_hours`,`total_hours`,`end_time` FROM `kq_user` WHERE `status` = 1 AND `sid` = 28 LIMIT 0,10   [ RunTime:0.0000s ]
SQL: SELECT `id`,`name` FROM `kq_site` WHERE `id` = 28 LIMIT 0,10   [ RunTime:0.0000s ]

[ 2018-01-08T13:43:40+08:00 ] 183.6.136.188 /userapi/lists
INFO: [ app_init ] --START--
INFO: Run Behavior\BuildLiteBehavior [ RunTime:0.000000s ]
INFO: [ app_init ] --END-- [ RunTime:0.000000s ]
INFO: [ app_begin ] --START--
INFO: Run Behavior\ReadHtmlCacheBehavior [ RunTime:0.000000s ]
INFO: [ app_begin ] --END-- [ RunTime:0.000000s ]
SQL: SHOW COLUMNS FROM `kq_user` [ RunTime:0.0000s ]
SQL: SHOW COLUMNS FROM `kq_site` [ RunTime:0.0000s ]
SQL: SELECT `id`,`number`,`name`,`shang_hours`,`total_hours`,`end_time` FROM `kq_user` WHERE `status` = 1 AND `sid` = 28 LIMIT 0,10   [ RunTime:0.0000s ]
SQL: SELECT `id`,`name` FROM `kq_site` WHERE `id` = 28 LIMIT 0,10   [ RunTime:0.0000s ]

[ 2018-01-08T13:43:47+08:00 ] 183.6.136.188 /loginapi/login
INFO: [ app_init ] --START--
INFO: Run Behavior\BuildLiteBehavior [ RunTime:0.000000s ]
INFO: [ app_init ] --END-- [ RunTime:0.000000s ]
INFO: [ app_begin ] --START--
INFO: Run Behavior\ReadHtmlCacheBehavior [ RunTime:0.000000s ]
INFO: [ app_begin ] --END-- [ RunTime:0.000000s ]
SQL: SHOW COLUMNS FROM `kq_site` [ RunTime:0.0000s ]
SQL: SELECT * FROM `kq_site` WHERE `account` = 'zzcn77' AND `password` = '14e1b600b1fd579f47433b88e8d85291' AND `status` = 1 LIMIT 1   [ RunTime:0.0000s ]

[ 2018-01-08T13:43:48+08:00 ] 183.6.136.188 /userapi/lists
INFO: [ app_init ] --START--
INFO: Run Behavior\BuildLiteBehavior [ RunTime:0.000000s ]
INFO: [ app_init ] --END-- [ RunTime:0.000000s ]
INFO: [ app_begin ] --START--
INFO: Run Behavior\ReadHtmlCacheBehavior [ RunTime:0.000000s ]
INFO: [ app_begin ] --END-- [ RunTime:0.000000s ]
SQL: SHOW COLUMNS FROM `kq_user` [ RunTime:0.0000s ]
SQL: SHOW COLUMNS FROM `kq_site` [ RunTime:0.0000s ]
SQL: SELECT `id`,`number`,`name`,`shang_hours`,`total_hours`,`end_time` FROM `kq_user` WHERE `status` = 1 AND `sid` = 28 LIMIT 0,10   [ RunTime:0.0000s ]
SQL: SELECT `id`,`name` FROM `kq_site` WHERE `id` = 28 LIMIT 0,10   [ RunTime:0.0000s ]

[ 2018-01-08T15:22:53+08:00 ] 106.11.226.129 /
INFO: [ app_init ] --START--
INFO: Run Behavior\BuildLiteBehavior [ RunTime:0.000000s ]
INFO: [ app_init ] --END-- [ RunTime:0.000000s ]
INFO: [ app_begin ] --START--
INFO: Run Behavior\ReadHtmlCacheBehavior [ RunTime:0.000000s ]
INFO: [ app_begin ] --END-- [ RunTime:0.000000s ]
SQL: SHOW COLUMNS FROM `kq_config` [ RunTime:0.0000s ]
SQL: SELECT `config_pic` FROM `kq_config` WHERE `id` = 1 LIMIT 1   [ RunTime:0.0000s ]
SQL: SELECT `web_name` FROM `kq_config` WHERE `id` = 1 LIMIT 1   [ RunTime:0.0000s ]
SQL: SELECT `keywords` FROM `kq_config` WHERE `id` = 1 LIMIT 1   [ RunTime:0.0000s ]
SQL: SELECT `description` FROM `kq_config` WHERE `id` = 1 LIMIT 1   [ RunTime:0.0000s ]

[ 2018-01-08T15:22:54+08:00 ] 106.11.226.129 /index.php?s=/Login/index.html
ERR: Cron:cron_1 Runat 2018-01-08 15:22:54 Use 0.000000 s

[ 2018-01-08T15:22:54+08:00 ] 106.11.226.129 /index.php?s=/Login/index.html
INFO: [ app_init ] --START--
INFO: Run Behavior\BuildLiteBehavior [ RunTime:0.000000s ]
INFO: [ app_init ] --END-- [ RunTime:0.000000s ]
INFO: [ app_begin ] --START--
INFO: Run Behavior\ReadHtmlCacheBehavior [ RunTime:0.000000s ]
INFO: [ app_begin ] --END-- [ RunTime:0.000000s ]
SQL: SHOW COLUMNS FROM `kq_config` [ RunTime:0.0000s ]
SQL: SELECT `copyright`,`config_pic` FROM `kq_config` LIMIT 1   [ RunTime:0.0000s ]
INFO: [ view_parse ] --START--
INFO: [ template_filter ] --START--
INFO: Run Behavior\ContentReplaceBehavior [ RunTime:0.000000s ]
INFO: [ template_filter ] --END-- [ RunTime:0.000000s ]
INFO: Run Behavior\ParseTemplateBehavior [ RunTime:0.015625s ]
INFO: [ view_parse ] --END-- [ RunTime:0.015625s ]
INFO: [ view_filter ] --START--
INFO: Run Behavior\WriteHtmlCacheBehavior [ RunTime:0.000000s ]
INFO: [ view_filter ] --END-- [ RunTime:0.000000s ]
INFO: [ app_end ] --START--
INFO: Run Behavior\ShowPageTraceBehavior [ RunTime:0.000000s ]
SQL: SHOW COLUMNS FROM `kq_user` [ RunTime:0.0000s ]
INFO: Run Behavior\CronRunBehavior [ RunTime:0.000000s ]
INFO: [ app_end ] --END-- [ RunTime:0.000000s ]

[ 2018-01-08T17:08:07+08:00 ] 104.192.74.19 /robots.txt
INFO: [ app_init ] --START--
INFO: Run Behavior\BuildLiteBehavior [ RunTime:0.000000s ]
INFO: [ app_init ] --END-- [ RunTime:0.000000s ]
INFO: [ app_begin ] --START--
INFO: Run Behavior\ReadHtmlCacheBehavior [ RunTime:0.000000s ]
INFO: [ app_begin ] --END-- [ RunTime:0.000000s ]
ERR: 无法加载控制器:Robots.txt

[ 2018-01-08T17:08:08+08:00 ] 104.192.74.19 /
INFO: [ app_init ] --START--
INFO: Run Behavior\BuildLiteBehavior [ RunTime:0.000000s ]
INFO: [ app_init ] --END-- [ RunTime:0.000000s ]
INFO: [ app_begin ] --START--
INFO: Run Behavior\ReadHtmlCacheBehavior [ RunTime:0.000000s ]
INFO: [ app_begin ] --END-- [ RunTime:0.000000s ]
SQL: SHOW COLUMNS FROM `kq_config` [ RunTime:0.0000s ]
SQL: SELECT `config_pic` FROM `kq_config` WHERE `id` = 1 LIMIT 1   [ RunTime:0.0000s ]
SQL: SELECT `web_name` FROM `kq_config` WHERE `id` = 1 LIMIT 1   [ RunTime:0.0000s ]
SQL: SELECT `keywords` FROM `kq_config` WHERE `id` = 1 LIMIT 1   [ RunTime:0.0000s ]
SQL: SELECT `description` FROM `kq_config` WHERE `id` = 1 LIMIT 1   [ RunTime:0.0000s ]

[ 2018-01-08T17:08:10+08:00 ] 104.192.74.19 /index.php?s=/Login/index.html
INFO: [ app_init ] --START--
INFO: Run Behavior\BuildLiteBehavior [ RunTime:0.000000s ]
INFO: [ app_init ] --END-- [ RunTime:0.000000s ]
INFO: [ app_begin ] --START--
INFO: Run Behavior\ReadHtmlCacheBehavior [ RunTime:0.000000s ]
INFO: [ app_begin ] --END-- [ RunTime:0.000000s ]
SQL: SHOW COLUMNS FROM `kq_config` [ RunTime:0.0000s ]
SQL: SELECT `copyright`,`config_pic` FROM `kq_config` LIMIT 1   [ RunTime:0.0000s ]
INFO: [ view_parse ] --START--
INFO: [ template_filter ] --START--
INFO: Run Behavior\ContentReplaceBehavior [ RunTime:0.000000s ]
INFO: [ template_filter ] --END-- [ RunTime:0.000000s ]
INFO: Run Behavior\ParseTemplateBehavior [ RunTime:0.015625s ]
INFO: [ view_parse ] --END-- [ RunTime:0.015625s ]
INFO: [ view_filter ] --START--
INFO: Run Behavior\WriteHtmlCacheBehavior [ RunTime:0.000000s ]
INFO: [ view_filter ] --END-- [ RunTime:0.000000s ]
INFO: [ app_end ] --START--
INFO: Run Behavior\ShowPageTraceBehavior [ RunTime:0.000000s ]
INFO: Run Behavior\CronRunBehavior [ RunTime:0.000000s ]
INFO: [ app_end ] --END-- [ RunTime:0.000000s ]

[ 2018-01-08T17:08:11+08:00 ] 104.192.74.19 /index.php?s=/Login/index.html
INFO: [ app_init ] --START--
INFO: Run Behavior\BuildLiteBehavior [ RunTime:0.000000s ]
INFO: [ app_init ] --END-- [ RunTime:0.000000s ]
INFO: [ app_begin ] --START--
INFO: Run Behavior\ReadHtmlCacheBehavior [ RunTime:0.000000s ]
INFO: [ app_begin ] --END-- [ RunTime:0.000000s ]
SQL: SHOW COLUMNS FROM `kq_config` [ RunTime:0.0000s ]
SQL: SELECT `copyright`,`config_pic` FROM `kq_config` LIMIT 1   [ RunTime:0.0000s ]
INFO: [ view_parse ] --START--
INFO: [ template_filter ] --START--
INFO: Run Behavior\ContentReplaceBehavior [ RunTime:0.000000s ]
INFO: [ template_filter ] --END-- [ RunTime:0.000000s ]
INFO: Run Behavior\ParseTemplateBehavior [ RunTime:0.000000s ]
INFO: [ view_parse ] --END-- [ RunTime:0.000000s ]
INFO: [ view_filter ] --START--
INFO: Run Behavior\WriteHtmlCacheBehavior [ RunTime:0.000000s ]
INFO: [ view_filter ] --END-- [ RunTime:0.000000s ]
INFO: [ app_end ] --START--
INFO: Run Behavior\ShowPageTraceBehavior [ RunTime:0.000000s ]
INFO: Run Behavior\CronRunBehavior [ RunTime:0.000000s ]
INFO: [ app_end ] --END-- [ RunTime:0.000000s ]

