[ 2018-01-05T02:26:42+08:00 ] 104.192.74.39 /robots.txt
INFO: [ app_init ] --START--
INFO: Run Behavior\BuildLiteBehavior [ RunTime:0.000000s ]
INFO: [ app_init ] --END-- [ RunTime:0.000000s ]
INFO: [ app_begin ] --START--
INFO: Run Behavior\ReadHtmlCacheBehavior [ RunTime:0.000000s ]
INFO: [ app_begin ] --END-- [ RunTime:0.000000s ]
ERR: 无法加载控制器:Robots.txt

[ 2018-01-05T02:26:44+08:00 ] 104.192.74.39 /
INFO: [ app_init ] --START--
INFO: Run Behavior\BuildLiteBehavior [ RunTime:0.000000s ]
INFO: [ app_init ] --END-- [ RunTime:0.000000s ]
INFO: [ app_begin ] --START--
INFO: Run Behavior\ReadHtmlCacheBehavior [ RunTime:0.000000s ]
INFO: [ app_begin ] --END-- [ RunTime:0.000000s ]
SQL: SHOW COLUMNS FROM `kq_config` [ RunTime:0.0000s ]
SQL: SELECT `config_pic` FROM `kq_config` WHERE `id` = 1 LIMIT 1   [ RunTime:0.0000s ]
SQL: SELECT `web_name` FROM `kq_config` WHERE `id` = 1 LIMIT 1   [ RunTime:0.0000s ]
SQL: SELECT `keywords` FROM `kq_config` WHERE `id` = 1 LIMIT 1   [ RunTime:0.0000s ]
SQL: SELECT `description` FROM `kq_config` WHERE `id` = 1 LIMIT 1   [ RunTime:0.0000s ]

[ 2018-01-05T02:26:45+08:00 ] 104.192.74.39 /index.php?s=/Login/index.html
INFO: [ app_init ] --START--
INFO: Run Behavior\BuildLiteBehavior [ RunTime:0.000000s ]
INFO: [ app_init ] --END-- [ RunTime:0.000000s ]
INFO: [ app_begin ] --START--
INFO: Run Behavior\ReadHtmlCacheBehavior [ RunTime:0.000000s ]
INFO: [ app_begin ] --END-- [ RunTime:0.000000s ]
SQL: SHOW COLUMNS FROM `kq_config` [ RunTime:0.0000s ]
SQL: SELECT `copyright`,`config_pic` FROM `kq_config` LIMIT 1   [ RunTime:0.0000s ]
INFO: [ view_parse ] --START--
INFO: [ template_filter ] --START--
INFO: Run Behavior\ContentReplaceBehavior [ RunTime:0.000000s ]
INFO: [ template_filter ] --END-- [ RunTime:0.000000s ]
INFO: Run Behavior\ParseTemplateBehavior [ RunTime:0.015625s ]
INFO: [ view_parse ] --END-- [ RunTime:0.015625s ]
INFO: [ view_filter ] --START--
INFO: Run Behavior\WriteHtmlCacheBehavior [ RunTime:0.000000s ]
INFO: [ view_filter ] --END-- [ RunTime:0.000000s ]
INFO: [ app_end ] --START--
INFO: Run Behavior\ShowPageTraceBehavior [ RunTime:0.000000s ]
INFO: Run Behavior\CronRunBehavior [ RunTime:0.000000s ]
INFO: [ app_end ] --END-- [ RunTime:0.000000s ]

[ 2018-01-05T02:26:47+08:00 ] 104.192.74.39 /index.php?s=/Login/index.html
INFO: [ app_init ] --START--
INFO: Run Behavior\BuildLiteBehavior [ RunTime:0.000000s ]
INFO: [ app_init ] --END-- [ RunTime:0.000000s ]
INFO: [ app_begin ] --START--
INFO: Run Behavior\ReadHtmlCacheBehavior [ RunTime:0.000000s ]
INFO: [ app_begin ] --END-- [ RunTime:0.000000s ]
SQL: SHOW COLUMNS FROM `kq_config` [ RunTime:0.0000s ]
SQL: SELECT `copyright`,`config_pic` FROM `kq_config` LIMIT 1   [ RunTime:0.0000s ]
INFO: [ view_parse ] --START--
INFO: [ template_filter ] --START--
INFO: Run Behavior\ContentReplaceBehavior [ RunTime:0.000000s ]
INFO: [ template_filter ] --END-- [ RunTime:0.000000s ]
INFO: Run Behavior\ParseTemplateBehavior [ RunTime:0.000000s ]
INFO: [ view_parse ] --END-- [ RunTime:0.000000s ]
INFO: [ view_filter ] --START--
INFO: Run Behavior\WriteHtmlCacheBehavior [ RunTime:0.000000s ]
INFO: [ view_filter ] --END-- [ RunTime:0.000000s ]
INFO: [ app_end ] --START--
INFO: Run Behavior\ShowPageTraceBehavior [ RunTime:0.000000s ]
INFO: Run Behavior\CronRunBehavior [ RunTime:0.000000s ]
INFO: [ app_end ] --END-- [ RunTime:0.000000s ]

[ 2018-01-05T09:43:13+08:00 ] 106.45.1.83 /
INFO: [ app_init ] --START--
INFO: Run Behavior\BuildLiteBehavior [ RunTime:0.000000s ]
INFO: [ app_init ] --END-- [ RunTime:0.000000s ]
INFO: [ app_begin ] --START--
INFO: Run Behavior\ReadHtmlCacheBehavior [ RunTime:0.000000s ]
INFO: [ app_begin ] --END-- [ RunTime:0.000000s ]
SQL: SHOW COLUMNS FROM `kq_config` [ RunTime:0.0000s ]
SQL: SELECT `config_pic` FROM `kq_config` WHERE `id` = 1 LIMIT 1   [ RunTime:0.0000s ]
SQL: SELECT `web_name` FROM `kq_config` WHERE `id` = 1 LIMIT 1   [ RunTime:0.0000s ]
SQL: SELECT `keywords` FROM `kq_config` WHERE `id` = 1 LIMIT 1   [ RunTime:0.0000s ]
SQL: SELECT `description` FROM `kq_config` WHERE `id` = 1 LIMIT 1   [ RunTime:0.0000s ]

[ 2018-01-05T09:43:14+08:00 ] 106.45.1.83 /index.php?s=/Login/index.html
INFO: [ app_init ] --START--
INFO: Run Behavior\BuildLiteBehavior [ RunTime:0.000000s ]
INFO: [ app_init ] --END-- [ RunTime:0.000000s ]
INFO: [ app_begin ] --START--
INFO: Run Behavior\ReadHtmlCacheBehavior [ RunTime:0.000000s ]
INFO: [ app_begin ] --END-- [ RunTime:0.000000s ]
SQL: SHOW COLUMNS FROM `kq_config` [ RunTime:0.0000s ]
SQL: SELECT `copyright`,`config_pic` FROM `kq_config` LIMIT 1   [ RunTime:0.0000s ]
INFO: [ view_parse ] --START--
INFO: [ template_filter ] --START--
INFO: Run Behavior\ContentReplaceBehavior [ RunTime:0.000000s ]
INFO: [ template_filter ] --END-- [ RunTime:0.000000s ]
INFO: Run Behavior\ParseTemplateBehavior [ RunTime:0.015625s ]
INFO: [ view_parse ] --END-- [ RunTime:0.015625s ]
INFO: [ view_filter ] --START--
INFO: Run Behavior\WriteHtmlCacheBehavior [ RunTime:0.000000s ]
INFO: [ view_filter ] --END-- [ RunTime:0.000000s ]
INFO: [ app_end ] --START--
INFO: Run Behavior\ShowPageTraceBehavior [ RunTime:0.000000s ]
INFO: Run Behavior\CronRunBehavior [ RunTime:0.000000s ]
INFO: [ app_end ] --END-- [ RunTime:0.000000s ]

[ 2018-01-05T11:05:26+08:00 ] 210.21.36.100 /
INFO: [ app_init ] --START--
INFO: Run Behavior\BuildLiteBehavior [ RunTime:0.000000s ]
INFO: [ app_init ] --END-- [ RunTime:0.000000s ]
INFO: [ app_begin ] --START--
INFO: Run Behavior\ReadHtmlCacheBehavior [ RunTime:0.000000s ]
INFO: [ app_begin ] --END-- [ RunTime:0.000000s ]
SQL: SHOW COLUMNS FROM `kq_config` [ RunTime:0.0000s ]
SQL: SELECT `config_pic` FROM `kq_config` WHERE `id` = 1 LIMIT 1   [ RunTime:0.0000s ]
SQL: SELECT `web_name` FROM `kq_config` WHERE `id` = 1 LIMIT 1   [ RunTime:0.0000s ]
SQL: SELECT `keywords` FROM `kq_config` WHERE `id` = 1 LIMIT 1   [ RunTime:0.0000s ]
SQL: SELECT `description` FROM `kq_config` WHERE `id` = 1 LIMIT 1   [ RunTime:0.0000s ]

[ 2018-01-05T11:05:27+08:00 ] 210.21.36.100 /index.php?s=/Login/index.html
INFO: [ app_init ] --START--
INFO: Run Behavior\BuildLiteBehavior [ RunTime:0.000000s ]
INFO: [ app_init ] --END-- [ RunTime:0.000000s ]
INFO: [ app_begin ] --START--
INFO: Run Behavior\ReadHtmlCacheBehavior [ RunTime:0.000000s ]
INFO: [ app_begin ] --END-- [ RunTime:0.000000s ]
SQL: SHOW COLUMNS FROM `kq_config` [ RunTime:0.0000s ]
SQL: SELECT `copyright`,`config_pic` FROM `kq_config` LIMIT 1   [ RunTime:0.0000s ]
INFO: [ view_parse ] --START--
INFO: [ template_filter ] --START--
INFO: Run Behavior\ContentReplaceBehavior [ RunTime:0.000000s ]
INFO: [ template_filter ] --END-- [ RunTime:0.000000s ]
INFO: Run Behavior\ParseTemplateBehavior [ RunTime:0.015625s ]
INFO: [ view_parse ] --END-- [ RunTime:0.015625s ]
INFO: [ view_filter ] --START--
INFO: Run Behavior\WriteHtmlCacheBehavior [ RunTime:0.000000s ]
INFO: [ view_filter ] --END-- [ RunTime:0.000000s ]
INFO: [ app_end ] --START--
INFO: Run Behavior\ShowPageTraceBehavior [ RunTime:0.000000s ]
INFO: Run Behavior\CronRunBehavior [ RunTime:0.000000s ]
INFO: [ app_end ] --END-- [ RunTime:0.000000s ]

[ 2018-01-05T11:41:18+08:00 ] 223.88.10.230 /
INFO: [ app_init ] --START--
INFO: Run Behavior\BuildLiteBehavior [ RunTime:0.000000s ]
INFO: [ app_init ] --END-- [ RunTime:0.000000s ]
INFO: [ app_begin ] --START--
INFO: Run Behavior\ReadHtmlCacheBehavior [ RunTime:0.000000s ]
INFO: [ app_begin ] --END-- [ RunTime:0.000000s ]
SQL: SHOW COLUMNS FROM `kq_config` [ RunTime:0.0000s ]
SQL: SELECT `config_pic` FROM `kq_config` WHERE `id` = 1 LIMIT 1   [ RunTime:0.0000s ]
SQL: SELECT `web_name` FROM `kq_config` WHERE `id` = 1 LIMIT 1   [ RunTime:0.0000s ]
SQL: SELECT `keywords` FROM `kq_config` WHERE `id` = 1 LIMIT 1   [ RunTime:0.0000s ]
SQL: SELECT `description` FROM `kq_config` WHERE `id` = 1 LIMIT 1   [ RunTime:0.0000s ]

[ 2018-01-05T11:41:19+08:00 ] 223.88.10.230 /index.php?s=/Login/index.html
INFO: [ app_init ] --START--
INFO: Run Behavior\BuildLiteBehavior [ RunTime:0.000000s ]
INFO: [ app_init ] --END-- [ RunTime:0.000000s ]
INFO: [ app_begin ] --START--
INFO: Run Behavior\ReadHtmlCacheBehavior [ RunTime:0.000000s ]
INFO: [ app_begin ] --END-- [ RunTime:0.000000s ]
SQL: SHOW COLUMNS FROM `kq_config` [ RunTime:0.0000s ]
SQL: SELECT `copyright`,`config_pic` FROM `kq_config` LIMIT 1   [ RunTime:0.0000s ]
INFO: [ view_parse ] --START--
INFO: [ template_filter ] --START--
INFO: Run Behavior\ContentReplaceBehavior [ RunTime:0.000000s ]
INFO: [ template_filter ] --END-- [ RunTime:0.000000s ]
INFO: Run Behavior\ParseTemplateBehavior [ RunTime:0.015625s ]
INFO: [ view_parse ] --END-- [ RunTime:0.015625s ]
INFO: [ view_filter ] --START--
INFO: Run Behavior\WriteHtmlCacheBehavior [ RunTime:0.000000s ]
INFO: [ view_filter ] --END-- [ RunTime:0.000000s ]
INFO: [ app_end ] --START--
INFO: Run Behavior\ShowPageTraceBehavior [ RunTime:0.000000s ]
INFO: Run Behavior\CronRunBehavior [ RunTime:0.000000s ]
INFO: [ app_end ] --END-- [ RunTime:0.000000s ]

[ 2018-01-05T11:41:19+08:00 ] 223.88.10.230 /index.php?s=/Login/verify.html
INFO: [ app_init ] --START--
INFO: Run Behavior\BuildLiteBehavior [ RunTime:0.000000s ]
INFO: [ app_init ] --END-- [ RunTime:0.000000s ]
INFO: [ app_begin ] --START--
INFO: Run Behavior\ReadHtmlCacheBehavior [ RunTime:0.000000s ]
INFO: [ app_begin ] --END-- [ RunTime:0.000000s ]
INFO: [ app_end ] --START--
INFO: Run Behavior\ShowPageTraceBehavior [ RunTime:0.000000s ]
INFO: Run Behavior\CronRunBehavior [ RunTime:0.000000s ]
INFO: [ app_end ] --END-- [ RunTime:0.000000s ]

[ 2018-01-05T11:41:20+08:00 ] 223.88.10.230 /favicon.ico
INFO: [ app_init ] --START--
INFO: Run Behavior\BuildLiteBehavior [ RunTime:0.000000s ]
INFO: [ app_init ] --END-- [ RunTime:0.000000s ]

[ 2018-01-05T15:52:11+08:00 ] 104.192.74.13 /robots.txt
INFO: [ app_init ] --START--
INFO: Run Behavior\BuildLiteBehavior [ RunTime:0.000000s ]
INFO: [ app_init ] --END-- [ RunTime:0.000000s ]
INFO: [ app_begin ] --START--
INFO: Run Behavior\ReadHtmlCacheBehavior [ RunTime:0.000000s ]
INFO: [ app_begin ] --END-- [ RunTime:0.000000s ]
ERR: 无法加载控制器:Robots.txt

[ 2018-01-05T15:52:12+08:00 ] 104.192.74.13 /
INFO: [ app_init ] --START--
INFO: Run Behavior\BuildLiteBehavior [ RunTime:0.000000s ]
INFO: [ app_init ] --END-- [ RunTime:0.000000s ]
INFO: [ app_begin ] --START--
INFO: Run Behavior\ReadHtmlCacheBehavior [ RunTime:0.000000s ]
INFO: [ app_begin ] --END-- [ RunTime:0.000000s ]
SQL: SHOW COLUMNS FROM `kq_config` [ RunTime:0.0000s ]
SQL: SELECT `config_pic` FROM `kq_config` WHERE `id` = 1 LIMIT 1   [ RunTime:0.0000s ]
SQL: SELECT `web_name` FROM `kq_config` WHERE `id` = 1 LIMIT 1   [ RunTime:0.0000s ]
SQL: SELECT `keywords` FROM `kq_config` WHERE `id` = 1 LIMIT 1   [ RunTime:0.0000s ]
SQL: SELECT `description` FROM `kq_config` WHERE `id` = 1 LIMIT 1   [ RunTime:0.0000s ]

[ 2018-01-05T15:52:14+08:00 ] 104.192.74.13 /index.php?s=/Login/index.html
INFO: [ app_init ] --START--
INFO: Run Behavior\BuildLiteBehavior [ RunTime:0.000000s ]
INFO: [ app_init ] --END-- [ RunTime:0.000000s ]
INFO: [ app_begin ] --START--
INFO: Run Behavior\ReadHtmlCacheBehavior [ RunTime:0.000000s ]
INFO: [ app_begin ] --END-- [ RunTime:0.000000s ]
SQL: SHOW COLUMNS FROM `kq_config` [ RunTime:0.0000s ]
SQL: SELECT `copyright`,`config_pic` FROM `kq_config` LIMIT 1   [ RunTime:0.0000s ]
INFO: [ view_parse ] --START--
INFO: [ template_filter ] --START--
INFO: Run Behavior\ContentReplaceBehavior [ RunTime:0.000000s ]
INFO: [ template_filter ] --END-- [ RunTime:0.000000s ]
INFO: Run Behavior\ParseTemplateBehavior [ RunTime:0.015625s ]
INFO: [ view_parse ] --END-- [ RunTime:0.015625s ]
INFO: [ view_filter ] --START--
INFO: Run Behavior\WriteHtmlCacheBehavior [ RunTime:0.000000s ]
INFO: [ view_filter ] --END-- [ RunTime:0.000000s ]
INFO: [ app_end ] --START--
INFO: Run Behavior\ShowPageTraceBehavior [ RunTime:0.000000s ]
INFO: Run Behavior\CronRunBehavior [ RunTime:0.000000s ]
INFO: [ app_end ] --END-- [ RunTime:0.000000s ]

[ 2018-01-05T15:52:16+08:00 ] 104.192.74.13 /index.php?s=/Login/index.html
INFO: [ app_init ] --START--
INFO: Run Behavior\BuildLiteBehavior [ RunTime:0.000000s ]
INFO: [ app_init ] --END-- [ RunTime:0.000000s ]
INFO: [ app_begin ] --START--
INFO: Run Behavior\ReadHtmlCacheBehavior [ RunTime:0.000000s ]
INFO: [ app_begin ] --END-- [ RunTime:0.000000s ]
SQL: SHOW COLUMNS FROM `kq_config` [ RunTime:0.0000s ]
SQL: SELECT `copyright`,`config_pic` FROM `kq_config` LIMIT 1   [ RunTime:0.0000s ]
INFO: [ view_parse ] --START--
INFO: [ template_filter ] --START--
INFO: Run Behavior\ContentReplaceBehavior [ RunTime:0.000000s ]
INFO: [ template_filter ] --END-- [ RunTime:0.000000s ]
INFO: Run Behavior\ParseTemplateBehavior [ RunTime:0.000000s ]
INFO: [ view_parse ] --END-- [ RunTime:0.000000s ]
INFO: [ view_filter ] --START--
INFO: Run Behavior\WriteHtmlCacheBehavior [ RunTime:0.000000s ]
INFO: [ view_filter ] --END-- [ RunTime:0.000000s ]
INFO: [ app_end ] --START--
INFO: Run Behavior\ShowPageTraceBehavior [ RunTime:0.000000s ]
INFO: Run Behavior\CronRunBehavior [ RunTime:0.000000s ]
INFO: [ app_end ] --END-- [ RunTime:0.000000s ]

[ 2018-01-05T18:30:03+08:00 ] 106.11.225.184 /
INFO: [ app_init ] --START--
INFO: Run Behavior\BuildLiteBehavior [ RunTime:0.000000s ]
INFO: [ app_init ] --END-- [ RunTime:0.000000s ]
INFO: [ app_begin ] --START--
INFO: Run Behavior\ReadHtmlCacheBehavior [ RunTime:0.000000s ]
INFO: [ app_begin ] --END-- [ RunTime:0.000000s ]
SQL: SHOW COLUMNS FROM `kq_config` [ RunTime:0.0000s ]
SQL: SELECT `config_pic` FROM `kq_config` WHERE `id` = 1 LIMIT 1   [ RunTime:0.0000s ]
SQL: SELECT `web_name` FROM `kq_config` WHERE `id` = 1 LIMIT 1   [ RunTime:0.0000s ]
SQL: SELECT `keywords` FROM `kq_config` WHERE `id` = 1 LIMIT 1   [ RunTime:0.0000s ]
SQL: SELECT `description` FROM `kq_config` WHERE `id` = 1 LIMIT 1   [ RunTime:0.0000s ]

[ 2018-01-05T18:30:04+08:00 ] 106.11.225.184 /index.php?s=/Login/index.html
ERR: Cron:cron_1 Runat 2018-01-05 18:30:04 Use 0.000000 s

[ 2018-01-05T18:30:04+08:00 ] 106.11.225.184 /index.php?s=/Login/index.html
INFO: [ app_init ] --START--
INFO: Run Behavior\BuildLiteBehavior [ RunTime:0.000000s ]
INFO: [ app_init ] --END-- [ RunTime:0.015625s ]
INFO: [ app_begin ] --START--
INFO: Run Behavior\ReadHtmlCacheBehavior [ RunTime:0.000000s ]
INFO: [ app_begin ] --END-- [ RunTime:0.000000s ]
SQL: SHOW COLUMNS FROM `kq_config` [ RunTime:0.0000s ]
SQL: SELECT `copyright`,`config_pic` FROM `kq_config` LIMIT 1   [ RunTime:0.0000s ]
INFO: [ view_parse ] --START--
INFO: [ template_filter ] --START--
INFO: Run Behavior\ContentReplaceBehavior [ RunTime:0.000000s ]
INFO: [ template_filter ] --END-- [ RunTime:0.000000s ]
INFO: Run Behavior\ParseTemplateBehavior [ RunTime:0.015625s ]
INFO: [ view_parse ] --END-- [ RunTime:0.015625s ]
INFO: [ view_filter ] --START--
INFO: Run Behavior\WriteHtmlCacheBehavior [ RunTime:0.000000s ]
INFO: [ view_filter ] --END-- [ RunTime:0.000000s ]
INFO: [ app_end ] --START--
INFO: Run Behavior\ShowPageTraceBehavior [ RunTime:0.000000s ]
SQL: SHOW COLUMNS FROM `kq_user` [ RunTime:0.0000s ]
INFO: Run Behavior\CronRunBehavior [ RunTime:0.000000s ]
INFO: [ app_end ] --END-- [ RunTime:0.000000s ]

[ 2018-01-05T18:49:58+08:00 ] 223.104.1.137 /loginapi/login
INFO: [ app_init ] --START--
INFO: Run Behavior\BuildLiteBehavior [ RunTime:0.000000s ]
INFO: [ app_init ] --END-- [ RunTime:0.000000s ]
INFO: [ app_begin ] --START--
INFO: Run Behavior\ReadHtmlCacheBehavior [ RunTime:0.000000s ]
INFO: [ app_begin ] --END-- [ RunTime:0.000000s ]
SQL: SHOW COLUMNS FROM `kq_site` [ RunTime:0.0313s ]
SQL: SELECT * FROM `kq_site` WHERE `account` = 'kxgj1313' AND `password` = '14e1b600b1fd579f47433b88e8d85291' AND `status` = 1 LIMIT 1   [ RunTime:0.0000s ]

[ 2018-01-05T18:49:59+08:00 ] 223.104.1.137 /userapi/lists
INFO: [ app_init ] --START--
INFO: Run Behavior\BuildLiteBehavior [ RunTime:0.000000s ]
INFO: [ app_init ] --END-- [ RunTime:0.000000s ]
INFO: [ app_begin ] --START--
INFO: Run Behavior\ReadHtmlCacheBehavior [ RunTime:0.000000s ]
INFO: [ app_begin ] --END-- [ RunTime:0.000000s ]
SQL: SHOW COLUMNS FROM `kq_user` [ RunTime:0.0000s ]
SQL: SHOW COLUMNS FROM `kq_site` [ RunTime:0.0000s ]
SQL: SELECT `id`,`number`,`name`,`shang_hours`,`total_hours`,`end_time` FROM `kq_user` WHERE `status` = 1 AND `sid` = 31 LIMIT 0,10   [ RunTime:0.0000s ]
SQL: SELECT `id`,`name` FROM `kq_site` WHERE `id` = 31 LIMIT 0,10   [ RunTime:0.0000s ]

[ 2018-01-05T18:50:03+08:00 ] 223.104.1.137 /userapi/lists
INFO: [ app_init ] --START--
INFO: Run Behavior\BuildLiteBehavior [ RunTime:0.000000s ]
INFO: [ app_init ] --END-- [ RunTime:0.000000s ]
INFO: [ app_begin ] --START--
INFO: Run Behavior\ReadHtmlCacheBehavior [ RunTime:0.000000s ]
INFO: [ app_begin ] --END-- [ RunTime:0.000000s ]
SQL: SHOW COLUMNS FROM `kq_user` [ RunTime:0.0000s ]
SQL: SHOW COLUMNS FROM `kq_site` [ RunTime:0.0000s ]
SQL: SELECT `id`,`number`,`name`,`shang_hours`,`total_hours`,`end_time` FROM `kq_user` WHERE `status` = 1 AND `sid` = 31 LIMIT 0,10   [ RunTime:0.0000s ]
SQL: SELECT `id`,`name` FROM `kq_site` WHERE `id` = 31 LIMIT 0,10   [ RunTime:0.0000s ]

[ 2018-01-05T18:50:05+08:00 ] 223.104.1.137 /userapi/lists
INFO: [ app_init ] --START--
INFO: Run Behavior\BuildLiteBehavior [ RunTime:0.000000s ]
INFO: [ app_init ] --END-- [ RunTime:0.000000s ]
INFO: [ app_begin ] --START--
INFO: Run Behavior\ReadHtmlCacheBehavior [ RunTime:0.015625s ]
INFO: [ app_begin ] --END-- [ RunTime:0.015625s ]
SQL: SHOW COLUMNS FROM `kq_user` [ RunTime:0.0000s ]
SQL: SHOW COLUMNS FROM `kq_site` [ RunTime:0.0000s ]
SQL: SELECT `id`,`number`,`name`,`shang_hours`,`total_hours`,`end_time` FROM `kq_user` WHERE `status` = 1 AND `sid` = 31 LIMIT 10,10   [ RunTime:0.0000s ]
SQL: SELECT `id`,`name` FROM `kq_site` WHERE `id` = 31 LIMIT 10,10   [ RunTime:0.0000s ]
NOTIC: [8] Undefined offset: 0 C:\phpStudy\PHPTutorial\WWW\xueyuan\App\Kqsys\Controller\UserapiController.class.php 第 106 行.
NOTIC: [8] Undefined offset: 0 C:\phpStudy\PHPTutorial\WWW\xueyuan\App\Kqsys\Controller\UserapiController.class.php 第 107 行.

[ 2018-01-05T18:50:10+08:00 ] 223.104.1.137 /userapi/lists
INFO: [ app_init ] --START--
INFO: Run Behavior\BuildLiteBehavior [ RunTime:0.000000s ]
INFO: [ app_init ] --END-- [ RunTime:0.000000s ]
INFO: [ app_begin ] --START--
INFO: Run Behavior\ReadHtmlCacheBehavior [ RunTime:0.000000s ]
INFO: [ app_begin ] --END-- [ RunTime:0.000000s ]
SQL: SHOW COLUMNS FROM `kq_user` [ RunTime:0.0000s ]
SQL: SHOW COLUMNS FROM `kq_site` [ RunTime:0.0000s ]
SQL: SELECT `id`,`number`,`name`,`shang_hours`,`total_hours`,`end_time` FROM `kq_user` WHERE `status` = 1 AND `sid` = 31 LIMIT 0,10   [ RunTime:0.0000s ]
SQL: SELECT `id`,`name` FROM `kq_site` WHERE `id` = 31 LIMIT 0,10   [ RunTime:0.0000s ]

[ 2018-01-05T18:50:12+08:00 ] 223.104.1.137 /userapi/lists
INFO: [ app_init ] --START--
INFO: Run Behavior\BuildLiteBehavior [ RunTime:0.000000s ]
INFO: [ app_init ] --END-- [ RunTime:0.000000s ]
INFO: [ app_begin ] --START--
INFO: Run Behavior\ReadHtmlCacheBehavior [ RunTime:0.000000s ]
INFO: [ app_begin ] --END-- [ RunTime:0.000000s ]
SQL: SHOW COLUMNS FROM `kq_user` [ RunTime:0.0000s ]
SQL: SHOW COLUMNS FROM `kq_site` [ RunTime:0.0000s ]
SQL: SELECT `id`,`number`,`name`,`shang_hours`,`total_hours`,`end_time` FROM `kq_user` WHERE `status` = 1 AND `sid` = 31 LIMIT 10,10   [ RunTime:0.0000s ]
SQL: SELECT `id`,`name` FROM `kq_site` WHERE `id` = 31 LIMIT 10,10   [ RunTime:0.0000s ]
NOTIC: [8] Undefined offset: 0 C:\phpStudy\PHPTutorial\WWW\xueyuan\App\Kqsys\Controller\UserapiController.class.php 第 106 行.
NOTIC: [8] Undefined offset: 0 C:\phpStudy\PHPTutorial\WWW\xueyuan\App\Kqsys\Controller\UserapiController.class.php 第 107 行.

[ 2018-01-05T19:46:45+08:00 ] 122.96.129.83 /
INFO: [ app_init ] --START--
INFO: Run Behavior\BuildLiteBehavior [ RunTime:0.000000s ]
INFO: [ app_init ] --END-- [ RunTime:0.000000s ]
INFO: [ app_begin ] --START--
INFO: Run Behavior\ReadHtmlCacheBehavior [ RunTime:0.000000s ]
INFO: [ app_begin ] --END-- [ RunTime:0.000000s ]
SQL: SHOW COLUMNS FROM `kq_config` [ RunTime:0.0000s ]
SQL: SELECT `config_pic` FROM `kq_config` WHERE `id` = 1 LIMIT 1   [ RunTime:0.0000s ]
SQL: SELECT `web_name` FROM `kq_config` WHERE `id` = 1 LIMIT 1   [ RunTime:0.0000s ]
SQL: SELECT `keywords` FROM `kq_config` WHERE `id` = 1 LIMIT 1   [ RunTime:0.0000s ]
SQL: SELECT `description` FROM `kq_config` WHERE `id` = 1 LIMIT 1   [ RunTime:0.0000s ]

[ 2018-01-05T19:46:46+08:00 ] 122.96.129.83 /index.php?s=/Login/index.html
INFO: [ app_init ] --START--
INFO: Run Behavior\BuildLiteBehavior [ RunTime:0.000000s ]
INFO: [ app_init ] --END-- [ RunTime:0.000000s ]
INFO: [ app_begin ] --START--
INFO: Run Behavior\ReadHtmlCacheBehavior [ RunTime:0.000000s ]
INFO: [ app_begin ] --END-- [ RunTime:0.000000s ]
SQL: SHOW COLUMNS FROM `kq_config` [ RunTime:0.0000s ]
SQL: SELECT `copyright`,`config_pic` FROM `kq_config` LIMIT 1   [ RunTime:0.0000s ]
INFO: [ view_parse ] --START--
INFO: [ template_filter ] --START--
INFO: Run Behavior\ContentReplaceBehavior [ RunTime:0.000000s ]
INFO: [ template_filter ] --END-- [ RunTime:0.000000s ]
INFO: Run Behavior\ParseTemplateBehavior [ RunTime:0.015625s ]
INFO: [ view_parse ] --END-- [ RunTime:0.015625s ]
INFO: [ view_filter ] --START--
INFO: Run Behavior\WriteHtmlCacheBehavior [ RunTime:0.000000s ]
INFO: [ view_filter ] --END-- [ RunTime:0.000000s ]
INFO: [ app_end ] --START--
INFO: Run Behavior\ShowPageTraceBehavior [ RunTime:0.000000s ]
INFO: Run Behavior\CronRunBehavior [ RunTime:0.000000s ]
INFO: [ app_end ] --END-- [ RunTime:0.000000s ]

[ 2018-01-05T20:34:59+08:00 ] 112.97.216.212 /loginapi/login
INFO: [ app_init ] --START--
INFO: Run Behavior\BuildLiteBehavior [ RunTime:0.000000s ]
INFO: [ app_init ] --END-- [ RunTime:0.015625s ]
INFO: [ app_begin ] --START--
INFO: Run Behavior\ReadHtmlCacheBehavior [ RunTime:0.000000s ]
INFO: [ app_begin ] --END-- [ RunTime:0.000000s ]
SQL: SHOW COLUMNS FROM `kq_site` [ RunTime:0.0000s ]
SQL: SELECT * FROM `kq_site` WHERE `account` = 'glxc9030' AND `password` = '14e1b600b1fd579f47433b88e8d85291' AND `status` = 1 LIMIT 1   [ RunTime:0.0000s ]

[ 2018-01-05T20:35:00+08:00 ] 112.97.216.212 /userapi/lists
INFO: [ app_init ] --START--
INFO: Run Behavior\BuildLiteBehavior [ RunTime:0.000000s ]
INFO: [ app_init ] --END-- [ RunTime:0.000000s ]
INFO: [ app_begin ] --START--
INFO: Run Behavior\ReadHtmlCacheBehavior [ RunTime:0.000000s ]
INFO: [ app_begin ] --END-- [ RunTime:0.000000s ]
SQL: SHOW COLUMNS FROM `kq_user` [ RunTime:0.0000s ]
SQL: SHOW COLUMNS FROM `kq_site` [ RunTime:0.0000s ]
SQL: SELECT `id`,`number`,`name`,`shang_hours`,`total_hours`,`end_time` FROM `kq_user` WHERE `status` = 1 AND `sid` = 33 LIMIT 0,10   [ RunTime:0.0000s ]
SQL: SELECT `id`,`name` FROM `kq_site` WHERE `id` = 33 LIMIT 0,10   [ RunTime:0.0000s ]

[ 2018-01-05T20:35:11+08:00 ] 112.97.216.212 /userapi/get_scan
INFO: [ app_init ] --START--
INFO: Run Behavior\BuildLiteBehavior [ RunTime:0.000000s ]
INFO: [ app_init ] --END-- [ RunTime:0.000000s ]
INFO: [ app_begin ] --START--
INFO: Run Behavior\ReadHtmlCacheBehavior [ RunTime:0.000000s ]
INFO: [ app_begin ] --END-- [ RunTime:0.000000s ]
SQL: SHOW COLUMNS FROM `kq_user` [ RunTime:0.0000s ]
SQL: SELECT `id`,`total_hours`,`shang_hours` FROM `kq_user` WHERE ( number='h4o84vbf5b' ) LIMIT 1   [ RunTime:0.0000s ]
SQL: SELECT `id`,`number`,`name`,`sex`,`age`,`tel`,`sid`,`total_hours`,`shang_hours`,`start_time`,`end_time` FROM `kq_user` WHERE ( id='54' ) LIMIT 1   [ RunTime:0.0000s ]
SQL: SHOW COLUMNS FROM `kq_site` [ RunTime:0.0000s ]
SQL: SELECT `name` FROM `kq_site` WHERE ( id='33' ) LIMIT 1   [ RunTime:0.0000s ]

[ 2018-01-05T20:35:19+08:00 ] 223.104.1.137 /loginapi/login
INFO: [ app_init ] --START--
INFO: Run Behavior\BuildLiteBehavior [ RunTime:0.000000s ]
INFO: [ app_init ] --END-- [ RunTime:0.000000s ]
INFO: [ app_begin ] --START--
INFO: Run Behavior\ReadHtmlCacheBehavior [ RunTime:0.000000s ]
INFO: [ app_begin ] --END-- [ RunTime:0.000000s ]
SQL: SHOW COLUMNS FROM `kq_site` [ RunTime:0.0000s ]
SQL: SELECT * FROM `kq_site` WHERE `account` = 'kxgj1313' AND `password` = '14e1b600b1fd579f47433b88e8d85291' AND `status` = 1 LIMIT 1   [ RunTime:0.0000s ]

[ 2018-01-05T20:35:20+08:00 ] 223.104.1.137 /userapi/lists
INFO: [ app_init ] --START--
INFO: Run Behavior\BuildLiteBehavior [ RunTime:0.000000s ]
INFO: [ app_init ] --END-- [ RunTime:0.000000s ]
INFO: [ app_begin ] --START--
INFO: Run Behavior\ReadHtmlCacheBehavior [ RunTime:0.000000s ]
INFO: [ app_begin ] --END-- [ RunTime:0.000000s ]
SQL: SHOW COLUMNS FROM `kq_user` [ RunTime:0.0000s ]
SQL: SHOW COLUMNS FROM `kq_site` [ RunTime:0.0000s ]
SQL: SELECT `id`,`number`,`name`,`shang_hours`,`total_hours`,`end_time` FROM `kq_user` WHERE `status` = 1 AND `sid` = 31 LIMIT 0,10   [ RunTime:0.0000s ]
SQL: SELECT `id`,`name` FROM `kq_site` WHERE `id` = 31 LIMIT 0,10   [ RunTime:0.0000s ]

[ 2018-01-05T20:35:22+08:00 ] 112.97.216.212 /userapi/lists
INFO: [ app_init ] --START--
INFO: Run Behavior\BuildLiteBehavior [ RunTime:0.000000s ]
INFO: [ app_init ] --END-- [ RunTime:0.000000s ]
INFO: [ app_begin ] --START--
INFO: Run Behavior\ReadHtmlCacheBehavior [ RunTime:0.000000s ]
INFO: [ app_begin ] --END-- [ RunTime:0.000000s ]
SQL: SHOW COLUMNS FROM `kq_user` [ RunTime:0.0000s ]
SQL: SHOW COLUMNS FROM `kq_site` [ RunTime:0.0000s ]
SQL: SELECT `id`,`number`,`name`,`shang_hours`,`total_hours`,`end_time` FROM `kq_user` WHERE `status` = 1 AND `sid` = 33 LIMIT 10,10   [ RunTime:0.0000s ]
SQL: SELECT `id`,`name` FROM `kq_site` WHERE `id` = 33 LIMIT 10,10   [ RunTime:0.0000s ]
NOTIC: [8] Undefined offset: 0 C:\phpStudy\PHPTutorial\WWW\xueyuan\App\Kqsys\Controller\UserapiController.class.php 第 106 行.
NOTIC: [8] Undefined offset: 0 C:\phpStudy\PHPTutorial\WWW\xueyuan\App\Kqsys\Controller\UserapiController.class.php 第 107 行.

[ 2018-01-05T20:35:24+08:00 ] 112.97.216.212 /userapi/lists
INFO: [ app_init ] --START--
INFO: Run Behavior\BuildLiteBehavior [ RunTime:0.000000s ]
INFO: [ app_init ] --END-- [ RunTime:0.000000s ]
INFO: [ app_begin ] --START--
INFO: Run Behavior\ReadHtmlCacheBehavior [ RunTime:0.000000s ]
INFO: [ app_begin ] --END-- [ RunTime:0.000000s ]
SQL: SHOW COLUMNS FROM `kq_user` [ RunTime:0.0000s ]
SQL: SHOW COLUMNS FROM `kq_site` [ RunTime:0.0000s ]
SQL: SELECT `id`,`number`,`name`,`shang_hours`,`total_hours`,`end_time` FROM `kq_user` WHERE `status` = 1 AND `sid` = 33 LIMIT 20,10   [ RunTime:0.0000s ]
SQL: SELECT `id`,`name` FROM `kq_site` WHERE `id` = 33 LIMIT 20,10   [ RunTime:0.0000s ]
NOTIC: [8] Undefined offset: 0 C:\phpStudy\PHPTutorial\WWW\xueyuan\App\Kqsys\Controller\UserapiController.class.php 第 106 行.
NOTIC: [8] Undefined offset: 0 C:\phpStudy\PHPTutorial\WWW\xueyuan\App\Kqsys\Controller\UserapiController.class.php 第 107 行.

[ 2018-01-05T20:35:26+08:00 ] 112.97.216.212 /userapi/lists
INFO: [ app_init ] --START--
INFO: Run Behavior\BuildLiteBehavior [ RunTime:0.000000s ]
INFO: [ app_init ] --END-- [ RunTime:0.000000s ]
INFO: [ app_begin ] --START--
INFO: Run Behavior\ReadHtmlCacheBehavior [ RunTime:0.000000s ]
INFO: [ app_begin ] --END-- [ RunTime:0.000000s ]
SQL: SHOW COLUMNS FROM `kq_user` [ RunTime:0.0000s ]
SQL: SHOW COLUMNS FROM `kq_site` [ RunTime:0.0000s ]
SQL: SELECT `id`,`number`,`name`,`shang_hours`,`total_hours`,`end_time` FROM `kq_user` WHERE `status` = 1 AND `sid` = 33 LIMIT 30,10   [ RunTime:0.0000s ]
SQL: SELECT `id`,`name` FROM `kq_site` WHERE `id` = 33 LIMIT 30,10   [ RunTime:0.0000s ]
NOTIC: [8] Undefined offset: 0 C:\phpStudy\PHPTutorial\WWW\xueyuan\App\Kqsys\Controller\UserapiController.class.php 第 106 行.
NOTIC: [8] Undefined offset: 0 C:\phpStudy\PHPTutorial\WWW\xueyuan\App\Kqsys\Controller\UserapiController.class.php 第 107 行.

[ 2018-01-05T20:35:32+08:00 ] 223.104.1.137 /userapi/get_scan
INFO: [ app_init ] --START--
INFO: Run Behavior\BuildLiteBehavior [ RunTime:0.000000s ]
INFO: [ app_init ] --END-- [ RunTime:0.000000s ]
INFO: [ app_begin ] --START--
INFO: Run Behavior\ReadHtmlCacheBehavior [ RunTime:0.000000s ]
INFO: [ app_begin ] --END-- [ RunTime:0.000000s ]
SQL: SHOW COLUMNS FROM `kq_user` [ RunTime:0.0000s ]
SQL: SELECT `id`,`total_hours`,`shang_hours` FROM `kq_user` WHERE ( number='bfywgcpjwu' ) LIMIT 1   [ RunTime:0.0000s ]
SQL: SELECT `id`,`number`,`name`,`sex`,`age`,`tel`,`sid`,`total_hours`,`shang_hours`,`start_time`,`end_time` FROM `kq_user` WHERE ( id='23' ) LIMIT 1   [ RunTime:0.0000s ]
SQL: SHOW COLUMNS FROM `kq_site` [ RunTime:0.0000s ]
SQL: SELECT `name` FROM `kq_site` WHERE ( id='31' ) LIMIT 1   [ RunTime:0.0000s ]

[ 2018-01-05T20:35:36+08:00 ] 223.104.1.137 /userapi/scan_code
INFO: [ app_init ] --START--
INFO: Run Behavior\BuildLiteBehavior [ RunTime:0.000000s ]
INFO: [ app_init ] --END-- [ RunTime:0.000000s ]
INFO: [ app_begin ] --START--
INFO: Run Behavior\ReadHtmlCacheBehavior [ RunTime:0.000000s ]
INFO: [ app_begin ] --END-- [ RunTime:0.000000s ]
SQL: SHOW COLUMNS FROM `kq_user` [ RunTime:0.0000s ]
SQL: SELECT `id`,`total_hours`,`shang_hours` FROM `kq_user` WHERE ( number='bfywgcpjwu' ) LIMIT 1   [ RunTime:0.0000s ]
NOTIC: [8] Use of undefined constant shang_hours - assumed 'shang_hours' C:\phpStudy\PHPTutorial\WWW\xueyuan\App\Kqsys\Controller\UserapiController.class.php 第 305 行.
SQL: SHOW COLUMNS FROM `kq_user_log` [ RunTime:0.0000s ]
SQL: UPDATE `kq_user` SET `shang_hours`=shang_hours+1 WHERE ( number='bfywgcpjwu' ) [ RunTime:0.0000s ]
SQL: UPDATE `kq_user` SET `sheng_hours`=sheng_hours-1 WHERE ( number='bfywgcpjwu' ) [ RunTime:0.0000s ]
SQL: INSERT INTO `kq_user_log` (`uid`,`addtime`) VALUES ('23','1515155736') [ RunTime:0.0000s ]

[ 2018-01-05T20:36:04+08:00 ] 223.104.1.137 /userapi/get_scan
INFO: [ app_init ] --START--
INFO: Run Behavior\BuildLiteBehavior [ RunTime:0.000000s ]
INFO: [ app_init ] --END-- [ RunTime:0.000000s ]
INFO: [ app_begin ] --START--
INFO: Run Behavior\ReadHtmlCacheBehavior [ RunTime:0.000000s ]
INFO: [ app_begin ] --END-- [ RunTime:0.000000s ]
SQL: SHOW COLUMNS FROM `kq_user` [ RunTime:0.0000s ]
SQL: SELECT `id`,`total_hours`,`shang_hours` FROM `kq_user` WHERE ( number='ofbcskpwib' ) LIMIT 1   [ RunTime:0.0000s ]
SQL: SELECT `id`,`number`,`name`,`sex`,`age`,`tel`,`sid`,`total_hours`,`shang_hours`,`start_time`,`end_time` FROM `kq_user` WHERE ( id='19' ) LIMIT 1   [ RunTime:0.0000s ]
SQL: SHOW COLUMNS FROM `kq_site` [ RunTime:0.0000s ]
SQL: SELECT `name` FROM `kq_site` WHERE ( id='31' ) LIMIT 1   [ RunTime:0.0000s ]

[ 2018-01-05T20:36:07+08:00 ] 223.104.1.137 /userapi/scan_code
INFO: [ app_init ] --START--
INFO: Run Behavior\BuildLiteBehavior [ RunTime:0.000000s ]
INFO: [ app_init ] --END-- [ RunTime:0.000000s ]
INFO: [ app_begin ] --START--
INFO: Run Behavior\ReadHtmlCacheBehavior [ RunTime:0.000000s ]
INFO: [ app_begin ] --END-- [ RunTime:0.000000s ]
SQL: SHOW COLUMNS FROM `kq_user` [ RunTime:0.0000s ]
SQL: SELECT `id`,`total_hours`,`shang_hours` FROM `kq_user` WHERE ( number='ofbcskpwib' ) LIMIT 1   [ RunTime:0.0000s ]
NOTIC: [8] Use of undefined constant shang_hours - assumed 'shang_hours' C:\phpStudy\PHPTutorial\WWW\xueyuan\App\Kqsys\Controller\UserapiController.class.php 第 305 行.
SQL: SHOW COLUMNS FROM `kq_user_log` [ RunTime:0.0000s ]
SQL: UPDATE `kq_user` SET `shang_hours`=shang_hours+1 WHERE ( number='ofbcskpwib' ) [ RunTime:0.0000s ]
SQL: UPDATE `kq_user` SET `sheng_hours`=sheng_hours-1 WHERE ( number='ofbcskpwib' ) [ RunTime:0.0000s ]
SQL: INSERT INTO `kq_user_log` (`uid`,`addtime`) VALUES ('19','1515155767') [ RunTime:0.0000s ]

[ 2018-01-05T21:06:28+08:00 ] 223.104.1.137 /userapi/lists
INFO: [ app_init ] --START--
INFO: Run Behavior\BuildLiteBehavior [ RunTime:0.000000s ]
INFO: [ app_init ] --END-- [ RunTime:0.000000s ]
INFO: [ app_begin ] --START--
INFO: Run Behavior\ReadHtmlCacheBehavior [ RunTime:0.000000s ]
INFO: [ app_begin ] --END-- [ RunTime:0.000000s ]
SQL: SHOW COLUMNS FROM `kq_user` [ RunTime:0.0000s ]
SQL: SHOW COLUMNS FROM `kq_site` [ RunTime:0.0000s ]
SQL: SELECT `id`,`number`,`name`,`shang_hours`,`total_hours`,`end_time` FROM `kq_user` WHERE `status` = 1 AND `sid` = 31 LIMIT 10,10   [ RunTime:0.0000s ]
SQL: SELECT `id`,`name` FROM `kq_site` WHERE `id` = 31 LIMIT 10,10   [ RunTime:0.0000s ]
NOTIC: [8] Undefined offset: 0 C:\phpStudy\PHPTutorial\WWW\xueyuan\App\Kqsys\Controller\UserapiController.class.php 第 106 行.
NOTIC: [8] Undefined offset: 0 C:\phpStudy\PHPTutorial\WWW\xueyuan\App\Kqsys\Controller\UserapiController.class.php 第 107 行.

[ 2018-01-05T21:06:29+08:00 ] 223.104.1.137 /userapi/lists
INFO: [ app_init ] --START--
INFO: Run Behavior\BuildLiteBehavior [ RunTime:0.000000s ]
INFO: [ app_init ] --END-- [ RunTime:0.000000s ]
INFO: [ app_begin ] --START--
INFO: Run Behavior\ReadHtmlCacheBehavior [ RunTime:0.000000s ]
INFO: [ app_begin ] --END-- [ RunTime:0.000000s ]
SQL: SHOW COLUMNS FROM `kq_user` [ RunTime:0.0000s ]
SQL: SHOW COLUMNS FROM `kq_site` [ RunTime:0.0000s ]
SQL: SELECT `id`,`number`,`name`,`shang_hours`,`total_hours`,`end_time` FROM `kq_user` WHERE `status` = 1 AND `sid` = 31 LIMIT 0,10   [ RunTime:0.0000s ]
SQL: SELECT `id`,`name` FROM `kq_site` WHERE `id` = 31 LIMIT 0,10   [ RunTime:0.0000s ]

[ 2018-01-05T21:06:32+08:00 ] 223.104.1.137 /userapi/lists
INFO: [ app_init ] --START--
INFO: Run Behavior\BuildLiteBehavior [ RunTime:0.000000s ]
INFO: [ app_init ] --END-- [ RunTime:0.000000s ]
INFO: [ app_begin ] --START--
INFO: Run Behavior\ReadHtmlCacheBehavior [ RunTime:0.000000s ]
INFO: [ app_begin ] --END-- [ RunTime:0.000000s ]
SQL: SHOW COLUMNS FROM `kq_user` [ RunTime:0.0000s ]
SQL: SHOW COLUMNS FROM `kq_site` [ RunTime:0.0000s ]
SQL: SELECT `id`,`number`,`name`,`shang_hours`,`total_hours`,`end_time` FROM `kq_user` WHERE `status` = 1 AND `sid` = 31 LIMIT 10,10   [ RunTime:0.0000s ]
SQL: SELECT `id`,`name` FROM `kq_site` WHERE `id` = 31 LIMIT 10,10   [ RunTime:0.0000s ]
NOTIC: [8] Undefined offset: 0 C:\phpStudy\PHPTutorial\WWW\xueyuan\App\Kqsys\Controller\UserapiController.class.php 第 106 行.
NOTIC: [8] Undefined offset: 0 C:\phpStudy\PHPTutorial\WWW\xueyuan\App\Kqsys\Controller\UserapiController.class.php 第 107 行.

[ 2018-01-05T23:48:37+08:00 ] 223.211.39.81 /index.php?s=/Login/index.html
INFO: [ app_init ] --START--
INFO: Run Behavior\BuildLiteBehavior [ RunTime:0.000000s ]
INFO: [ app_init ] --END-- [ RunTime:0.000000s ]
INFO: [ app_begin ] --START--
INFO: Run Behavior\ReadHtmlCacheBehavior [ RunTime:0.000000s ]
INFO: [ app_begin ] --END-- [ RunTime:0.000000s ]
SQL: SHOW COLUMNS FROM `kq_config` [ RunTime:0.0000s ]
SQL: SELECT `copyright`,`config_pic` FROM `kq_config` LIMIT 1   [ RunTime:0.0000s ]
INFO: [ view_parse ] --START--
INFO: [ template_filter ] --START--
INFO: Run Behavior\ContentReplaceBehavior [ RunTime:0.000000s ]
INFO: [ template_filter ] --END-- [ RunTime:0.000000s ]
INFO: Run Behavior\ParseTemplateBehavior [ RunTime:0.015625s ]
INFO: [ view_parse ] --END-- [ RunTime:0.015625s ]
INFO: [ view_filter ] --START--
INFO: Run Behavior\WriteHtmlCacheBehavior [ RunTime:0.000000s ]
INFO: [ view_filter ] --END-- [ RunTime:0.000000s ]
INFO: [ app_end ] --START--
INFO: Run Behavior\ShowPageTraceBehavior [ RunTime:0.000000s ]
INFO: Run Behavior\CronRunBehavior [ RunTime:0.000000s ]
INFO: [ app_end ] --END-- [ RunTime:0.000000s ]

[ 2018-01-05T23:48:37+08:00 ] 223.211.39.81 /index.php?s=/Login/verify.html
INFO: [ app_init ] --START--
INFO: Run Behavior\BuildLiteBehavior [ RunTime:0.000000s ]
INFO: [ app_init ] --END-- [ RunTime:0.000000s ]
INFO: [ app_begin ] --START--
INFO: Run Behavior\ReadHtmlCacheBehavior [ RunTime:0.015625s ]
INFO: [ app_begin ] --END-- [ RunTime:0.015625s ]
INFO: [ app_end ] --START--
INFO: Run Behavior\ShowPageTraceBehavior [ RunTime:0.000000s ]
INFO: Run Behavior\CronRunBehavior [ RunTime:0.000000s ]
INFO: [ app_end ] --END-- [ RunTime:0.000000s ]

[ 2018-01-05T23:48:37+08:00 ] 223.211.39.81 /favicon.ico
INFO: [ app_init ] --START--
INFO: Run Behavior\BuildLiteBehavior [ RunTime:0.000000s ]
INFO: [ app_init ] --END-- [ RunTime:0.000000s ]

[ 2018-01-05T23:49:02+08:00 ] 223.211.39.81 /index.php?s=/login/dologin.html
INFO: [ app_init ] --START--
INFO: Run Behavior\BuildLiteBehavior [ RunTime:0.000000s ]
INFO: [ app_init ] --END-- [ RunTime:0.000000s ]
INFO: [ app_begin ] --START--
INFO: Run Behavior\ReadHtmlCacheBehavior [ RunTime:0.000000s ]
INFO: [ app_begin ] --END-- [ RunTime:0.000000s ]
SQL: SHOW COLUMNS FROM `kq_admin` [ RunTime:0.0000s ]
SQL: SELECT `password` FROM `kq_admin` WHERE `admin_name` = 'zzcn77' LIMIT 1   [ RunTime:0.0000s ]
SQL: SELECT `status` FROM `kq_admin` WHERE `admin_name` = 'zzcn77' LIMIT 1   [ RunTime:0.0000s ]
SQL: SELECT `id` FROM `kq_admin` WHERE `admin_name` = 'zzcn77' LIMIT 1   [ RunTime:0.0000s ]
SQL: SELECT `character_id` FROM `kq_admin` WHERE `admin_name` = 'zzcn77' LIMIT 1   [ RunTime:0.0000s ]
SQL: SHOW COLUMNS FROM `kq_character` [ RunTime:0.0000s ]
SQL: SELECT `is_root` FROM `kq_character` WHERE `id` = 1 LIMIT 1   [ RunTime:0.0000s ]
SQL: SELECT `character` FROM `kq_character` WHERE `id` = 1 LIMIT 1   [ RunTime:0.0000s ]

[ 2018-01-05T23:49:04+08:00 ] 223.211.39.81 /index.php?s=/Index/index.html
INFO: [ app_init ] --START--
INFO: Run Behavior\BuildLiteBehavior [ RunTime:0.000000s ]
INFO: [ app_init ] --END-- [ RunTime:0.000000s ]
INFO: [ app_begin ] --START--
INFO: Run Behavior\ReadHtmlCacheBehavior [ RunTime:0.000000s ]
INFO: [ app_begin ] --END-- [ RunTime:0.000000s ]
SQL: SHOW COLUMNS FROM `kq_config` [ RunTime:0.0000s ]
SQL: SELECT `config_pic` FROM `kq_config` WHERE `id` = 1 LIMIT 1   [ RunTime:0.0000s ]
SQL: SELECT `web_name` FROM `kq_config` WHERE `id` = 1 LIMIT 1   [ RunTime:0.0000s ]
SQL: SELECT `keywords` FROM `kq_config` WHERE `id` = 1 LIMIT 1   [ RunTime:0.0000s ]
SQL: SELECT `description` FROM `kq_config` WHERE `id` = 1 LIMIT 1   [ RunTime:0.0000s ]
SQL: SHOW COLUMNS FROM `kq_character` [ RunTime:0.0000s ]
NOTIC: [8] Undefined variable: arr C:\phpStudy\PHPTutorial\WWW\xueyuan\App\Kqsys\Controller\CommonController.class.php 第 26 行.
SQL: SELECT `character` FROM `kq_character` WHERE `id` = null LIMIT 1   [ RunTime:0.0000s ]
INFO: [ view_parse ] --START--
INFO: [ template_filter ] --START--
INFO: Run Behavior\ContentReplaceBehavior [ RunTime:0.000000s ]
INFO: [ template_filter ] --END-- [ RunTime:0.000000s ]
NOTIC: [8] Undefined variable: monitoring C:\phpStudy\PHPTutorial\WWW\xueyuan\App\Runtime\Cache\Kqsys\33ee3f78805f6515ac8c1359a1ee4ca2.php 第 156 行.
NOTIC: [8] Undefined variable: monitoring C:\phpStudy\PHPTutorial\WWW\xueyuan\App\Runtime\Cache\Kqsys\33ee3f78805f6515ac8c1359a1ee4ca2.php 第 167 行.
NOTIC: [8] Undefined variable: monitoring C:\phpStudy\PHPTutorial\WWW\xueyuan\App\Runtime\Cache\Kqsys\33ee3f78805f6515ac8c1359a1ee4ca2.php 第 177 行.
INFO: Run Behavior\ParseTemplateBehavior [ RunTime:0.015625s ]
INFO: [ view_parse ] --END-- [ RunTime:0.015625s ]
INFO: [ view_filter ] --START--
INFO: Run Behavior\WriteHtmlCacheBehavior [ RunTime:0.000000s ]
INFO: [ view_filter ] --END-- [ RunTime:0.000000s ]
INFO: [ app_end ] --START--
INFO: Run Behavior\ShowPageTraceBehavior [ RunTime:0.000000s ]
INFO: Run Behavior\CronRunBehavior [ RunTime:0.000000s ]
INFO: [ app_end ] --END-- [ RunTime:0.000000s ]

[ 2018-01-05T23:49:05+08:00 ] 223.211.39.81 /index.php?s=/Index/welcome1.html
INFO: [ app_init ] --START--
INFO: Run Behavior\BuildLiteBehavior [ RunTime:0.000000s ]
INFO: [ app_init ] --END-- [ RunTime:0.000000s ]
INFO: [ app_begin ] --START--
INFO: Run Behavior\ReadHtmlCacheBehavior [ RunTime:0.000000s ]
INFO: [ app_begin ] --END-- [ RunTime:0.000000s ]
SQL: SHOW COLUMNS FROM `kq_config` [ RunTime:0.0000s ]
SQL: SELECT `config_pic` FROM `kq_config` WHERE `id` = 1 LIMIT 1   [ RunTime:0.0000s ]
SQL: SELECT `web_name` FROM `kq_config` WHERE `id` = 1 LIMIT 1   [ RunTime:0.0000s ]
SQL: SELECT `keywords` FROM `kq_config` WHERE `id` = 1 LIMIT 1   [ RunTime:0.0000s ]
SQL: SELECT `description` FROM `kq_config` WHERE `id` = 1 LIMIT 1   [ RunTime:0.0000s ]
SQL: SHOW COLUMNS FROM `kq_character` [ RunTime:0.0000s ]
NOTIC: [8] Undefined variable: arr C:\phpStudy\PHPTutorial\WWW\xueyuan\App\Kqsys\Controller\CommonController.class.php 第 26 行.
SQL: SELECT `character` FROM `kq_character` WHERE `id` = null LIMIT 1   [ RunTime:0.0000s ]
INFO: [ view_parse ] --START--
INFO: [ template_filter ] --START--
INFO: Run Behavior\ContentReplaceBehavior [ RunTime:0.000000s ]
INFO: [ template_filter ] --END-- [ RunTime:0.000000s ]
INFO: Run Behavior\ParseTemplateBehavior [ RunTime:0.000000s ]
INFO: [ view_parse ] --END-- [ RunTime:0.000000s ]
INFO: [ view_filter ] --START--
INFO: Run Behavior\WriteHtmlCacheBehavior [ RunTime:0.000000s ]
INFO: [ view_filter ] --END-- [ RunTime:0.000000s ]
INFO: [ app_end ] --START--
INFO: Run Behavior\ShowPageTraceBehavior [ RunTime:0.000000s ]
INFO: Run Behavior\CronRunBehavior [ RunTime:0.000000s ]
INFO: [ app_end ] --END-- [ RunTime:0.000000s ]

[ 2018-01-05T23:49:17+08:00 ] 223.211.39.81 /index.php?s=/User/index.html
INFO: [ app_init ] --START--
INFO: Run Behavior\BuildLiteBehavior [ RunTime:0.000000s ]
INFO: [ app_init ] --END-- [ RunTime:0.000000s ]
INFO: [ app_begin ] --START--
INFO: Run Behavior\ReadHtmlCacheBehavior [ RunTime:0.000000s ]
INFO: [ app_begin ] --END-- [ RunTime:0.000000s ]
SQL: SHOW COLUMNS FROM `kq_config` [ RunTime:0.0000s ]
SQL: SELECT `config_pic` FROM `kq_config` WHERE `id` = 1 LIMIT 1   [ RunTime:0.0000s ]
SQL: SELECT `web_name` FROM `kq_config` WHERE `id` = 1 LIMIT 1   [ RunTime:0.0000s ]
SQL: SELECT `keywords` FROM `kq_config` WHERE `id` = 1 LIMIT 1   [ RunTime:0.0000s ]
SQL: SELECT `description` FROM `kq_config` WHERE `id` = 1 LIMIT 1   [ RunTime:0.0000s ]
SQL: SHOW COLUMNS FROM `kq_character` [ RunTime:0.0000s ]
NOTIC: [8] Undefined variable: arr C:\phpStudy\PHPTutorial\WWW\xueyuan\App\Kqsys\Controller\CommonController.class.php 第 26 行.
SQL: SELECT `character` FROM `kq_character` WHERE `id` = null LIMIT 1   [ RunTime:0.0000s ]
SQL: SHOW COLUMNS FROM `kq_user` [ RunTime:0.0000s ]
SQL: SELECT COUNT(*) AS tp_count FROM `kq_user` WHERE `addtime` < 1515167357 AND `status` = 1 LIMIT 1   [ RunTime:0.0000s ]
SQL: SELECT * FROM `kq_user` WHERE `addtime` < 1515167357 AND `status` = 1 ORDER BY status asc,addtime desc LIMIT 0,20   [ RunTime:0.0000s ]
SQL: SHOW COLUMNS FROM `kq_site` [ RunTime:0.0000s ]
SQL: SELECT `name` FROM `kq_site` WHERE ( id='0' ) LIMIT 1   [ RunTime:0.0000s ]
SQL: SELECT `name` FROM `kq_site` WHERE ( id='33' ) LIMIT 1   [ RunTime:0.0000s ]
SQL: SELECT `name` FROM `kq_site` WHERE ( id='33' ) LIMIT 1   [ RunTime:0.0000s ]
SQL: SELECT `name` FROM `kq_site` WHERE ( id='33' ) LIMIT 1   [ RunTime:0.0000s ]
SQL: SELECT `name` FROM `kq_site` WHERE ( id='33' ) LIMIT 1   [ RunTime:0.0000s ]
SQL: SELECT `name` FROM `kq_site` WHERE ( id='33' ) LIMIT 1   [ RunTime:0.0000s ]
SQL: SELECT `name` FROM `kq_site` WHERE ( id='33' ) LIMIT 1   [ RunTime:0.0000s ]
SQL: SELECT `name` FROM `kq_site` WHERE ( id='33' ) LIMIT 1   [ RunTime:0.0000s ]
SQL: SELECT `name` FROM `kq_site` WHERE ( id='33' ) LIMIT 1   [ RunTime:0.0000s ]
SQL: SELECT `name` FROM `kq_site` WHERE ( id='33' ) LIMIT 1   [ RunTime:0.0156s ]
SQL: SELECT `name` FROM `kq_site` WHERE ( id='33' ) LIMIT 1   [ RunTime:0.0000s ]
SQL: SELECT `name` FROM `kq_site` WHERE ( id='33' ) LIMIT 1   [ RunTime:0.0000s ]
SQL: SELECT `name` FROM `kq_site` WHERE ( id='33' ) LIMIT 1   [ RunTime:0.0000s ]
SQL: SELECT `name` FROM `kq_site` WHERE ( id='33' ) LIMIT 1   [ RunTime:0.0000s ]
SQL: SELECT `name` FROM `kq_site` WHERE ( id='33' ) LIMIT 1   [ RunTime:0.0000s ]
SQL: SELECT `name` FROM `kq_site` WHERE ( id='33' ) LIMIT 1   [ RunTime:0.0000s ]
SQL: SELECT `name` FROM `kq_site` WHERE ( id='33' ) LIMIT 1   [ RunTime:0.0000s ]
SQL: SELECT `name` FROM `kq_site` WHERE ( id='33' ) LIMIT 1   [ RunTime:0.0000s ]
SQL: SELECT `name` FROM `kq_site` WHERE ( id='33' ) LIMIT 1   [ RunTime:0.0000s ]
SQL: SELECT `name` FROM `kq_site` WHERE ( id='33' ) LIMIT 1   [ RunTime:0.0000s ]
SQL: SELECT `id`,`name` FROM `kq_site`  [ RunTime:0.0000s ]
INFO: [ view_parse ] --START--
INFO: [ template_filter ] --START--
INFO: Run Behavior\ContentReplaceBehavior [ RunTime:0.000000s ]
INFO: [ template_filter ] --END-- [ RunTime:0.000000s ]
NOTIC: [8] Undefined index: status C:\phpStudy\PHPTutorial\WWW\xueyuan\App\Runtime\Cache\Kqsys\19e9f877e809a4a24b7651346253b8b8.php 第 51 行.
NOTIC: [8] Undefined index: status C:\phpStudy\PHPTutorial\WWW\xueyuan\App\Runtime\Cache\Kqsys\19e9f877e809a4a24b7651346253b8b8.php 第 52 行.
NOTIC: [8] Undefined index: is_guo C:\phpStudy\PHPTutorial\WWW\xueyuan\App\Runtime\Cache\Kqsys\19e9f877e809a4a24b7651346253b8b8.php 第 58 行.
NOTIC: [8] Undefined index: is_guo C:\phpStudy\PHPTutorial\WWW\xueyuan\App\Runtime\Cache\Kqsys\19e9f877e809a4a24b7651346253b8b8.php 第 59 行.
NOTIC: [8] Undefined index: sid C:\phpStudy\PHPTutorial\WWW\xueyuan\App\Runtime\Cache\Kqsys\19e9f877e809a4a24b7651346253b8b8.php 第 67 行.
NOTIC: [8] Undefined index: sid C:\phpStudy\PHPTutorial\WWW\xueyuan\App\Runtime\Cache\Kqsys\19e9f877e809a4a24b7651346253b8b8.php 第 67 行.
NOTIC: [8] Undefined index: sid C:\phpStudy\PHPTutorial\WWW\xueyuan\App\Runtime\Cache\Kqsys\19e9f877e809a4a24b7651346253b8b8.php 第 67 行.
NOTIC: [8] Undefined index: sid C:\phpStudy\PHPTutorial\WWW\xueyuan\App\Runtime\Cache\Kqsys\19e9f877e809a4a24b7651346253b8b8.php 第 67 行.
NOTIC: [8] Undefined index: start C:\phpStudy\PHPTutorial\WWW\xueyuan\App\Runtime\Cache\Kqsys\19e9f877e809a4a24b7651346253b8b8.php 第 71 行.
NOTIC: [8] Undefined index: end C:\phpStudy\PHPTutorial\WWW\xueyuan\App\Runtime\Cache\Kqsys\19e9f877e809a4a24b7651346253b8b8.php 第 73 行.
NOTIC: [8] Undefined index: keyword C:\phpStudy\PHPTutorial\WWW\xueyuan\App\Runtime\Cache\Kqsys\19e9f877e809a4a24b7651346253b8b8.php 第 74 行.
INFO: Run Behavior\ParseTemplateBehavior [ RunTime:0.000000s ]
INFO: [ view_parse ] --END-- [ RunTime:0.000000s ]
INFO: [ view_filter ] --START--
INFO: Run Behavior\WriteHtmlCacheBehavior [ RunTime:0.000000s ]
INFO: [ view_filter ] --END-- [ RunTime:0.000000s ]
INFO: [ app_end ] --START--
INFO: Run Behavior\ShowPageTraceBehavior [ RunTime:0.000000s ]
INFO: Run Behavior\CronRunBehavior [ RunTime:0.015625s ]
INFO: [ app_end ] --END-- [ RunTime:0.015625s ]

[ 2018-01-05T23:49:28+08:00 ] 223.211.39.81 /index.php?s=/Teachingsite/site_list.html
INFO: [ app_init ] --START--
INFO: Run Behavior\BuildLiteBehavior [ RunTime:0.000000s ]
INFO: [ app_init ] --END-- [ RunTime:0.000000s ]
INFO: [ app_begin ] --START--
INFO: Run Behavior\ReadHtmlCacheBehavior [ RunTime:0.000000s ]
INFO: [ app_begin ] --END-- [ RunTime:0.000000s ]
SQL: SHOW COLUMNS FROM `kq_config` [ RunTime:0.0000s ]
SQL: SELECT `config_pic` FROM `kq_config` WHERE `id` = 1 LIMIT 1   [ RunTime:0.0000s ]
SQL: SELECT `web_name` FROM `kq_config` WHERE `id` = 1 LIMIT 1   [ RunTime:0.0000s ]
SQL: SELECT `keywords` FROM `kq_config` WHERE `id` = 1 LIMIT 1   [ RunTime:0.0000s ]
SQL: SELECT `description` FROM `kq_config` WHERE `id` = 1 LIMIT 1   [ RunTime:0.0000s ]
SQL: SHOW COLUMNS FROM `kq_character` [ RunTime:0.0000s ]
NOTIC: [8] Undefined variable: arr C:\phpStudy\PHPTutorial\WWW\xueyuan\App\Kqsys\Controller\CommonController.class.php 第 26 行.
SQL: SELECT `character` FROM `kq_character` WHERE `id` = null LIMIT 1   [ RunTime:0.0000s ]
SQL: SHOW COLUMNS FROM `kq_site` [ RunTime:0.0000s ]
SQL: SELECT COUNT(*) AS tp_count FROM `kq_site` WHERE ( `name` LIKE '%%' OR `principal` LIKE '%%' OR `tel` LIKE '%%' OR `account` LIKE '%%' ) LIMIT 1   [ RunTime:0.0000s ]
SQL: SELECT * FROM `kq_site` WHERE ( `name` LIKE '%%' OR `principal` LIKE '%%' OR `tel` LIKE '%%' OR `account` LIKE '%%' ) ORDER BY add_time desc LIMIT 0,25   [ RunTime:0.0000s ]
INFO: [ view_parse ] --START--
INFO: [ template_filter ] --START--
INFO: Run Behavior\ContentReplaceBehavior [ RunTime:0.000000s ]
INFO: [ template_filter ] --END-- [ RunTime:0.000000s ]
NOTIC: [8] Undefined index: start C:\phpStudy\PHPTutorial\WWW\xueyuan\App\Runtime\Cache\Kqsys\b909c45194c3179ff6993b248d848a09.php 第 58 行.
NOTIC: [8] Undefined index: end C:\phpStudy\PHPTutorial\WWW\xueyuan\App\Runtime\Cache\Kqsys\b909c45194c3179ff6993b248d848a09.php 第 60 行.
NOTIC: [8] Undefined index: keyword C:\phpStudy\PHPTutorial\WWW\xueyuan\App\Runtime\Cache\Kqsys\b909c45194c3179ff6993b248d848a09.php 第 61 行.
NOTIC: [8] Undefined variable: v C:\phpStudy\PHPTutorial\WWW\xueyuan\App\Runtime\Cache\Kqsys\b909c45194c3179ff6993b248d848a09.php 第 106 行.
NOTIC: [8] Undefined variable: v C:\phpStudy\PHPTutorial\WWW\xueyuan\App\Runtime\Cache\Kqsys\b909c45194c3179ff6993b248d848a09.php 第 107 行.
NOTIC: [8] Undefined variable: v C:\phpStudy\PHPTutorial\WWW\xueyuan\App\Runtime\Cache\Kqsys\b909c45194c3179ff6993b248d848a09.php 第 106 行.
NOTIC: [8] Undefined variable: v C:\phpStudy\PHPTutorial\WWW\xueyuan\App\Runtime\Cache\Kqsys\b909c45194c3179ff6993b248d848a09.php 第 107 行.
NOTIC: [8] Undefined variable: v C:\phpStudy\PHPTutorial\WWW\xueyuan\App\Runtime\Cache\Kqsys\b909c45194c3179ff6993b248d848a09.php 第 106 行.
NOTIC: [8] Undefined variable: v C:\phpStudy\PHPTutorial\WWW\xueyuan\App\Runtime\Cache\Kqsys\b909c45194c3179ff6993b248d848a09.php 第 107 行.
NOTIC: [8] Undefined variable: v C:\phpStudy\PHPTutorial\WWW\xueyuan\App\Runtime\Cache\Kqsys\b909c45194c3179ff6993b248d848a09.php 第 106 行.
NOTIC: [8] Undefined variable: v C:\phpStudy\PHPTutorial\WWW\xueyuan\App\Runtime\Cache\Kqsys\b909c45194c3179ff6993b248d848a09.php 第 107 行.
NOTIC: [8] Undefined index: p C:\phpStudy\PHPTutorial\WWW\xueyuan\App\Runtime\Cache\Kqsys\b909c45194c3179ff6993b248d848a09.php 第 206 行.
INFO: Run Behavior\ParseTemplateBehavior [ RunTime:0.015625s ]
INFO: [ view_parse ] --END-- [ RunTime:0.015625s ]
INFO: [ view_filter ] --START--
INFO: Run Behavior\WriteHtmlCacheBehavior [ RunTime:0.000000s ]
INFO: [ view_filter ] --END-- [ RunTime:0.000000s ]
INFO: [ app_end ] --START--
INFO: Run Behavior\ShowPageTraceBehavior [ RunTime:0.000000s ]
INFO: Run Behavior\CronRunBehavior [ RunTime:0.000000s ]
INFO: [ app_end ] --END-- [ RunTime:0.000000s ]

