[ 2018-01-06T00:11:28+08:00 ] 223.211.39.81 /index.php?s=/Teachingsite/save_msg/id/33.html
INFO: [ app_init ] --START--
INFO: Run Behavior\BuildLiteBehavior [ RunTime:0.000000s ]
INFO: [ app_init ] --END-- [ RunTime:0.000000s ]
INFO: [ app_begin ] --START--
INFO: Run Behavior\ReadHtmlCacheBehavior [ RunTime:0.000000s ]
INFO: [ app_begin ] --END-- [ RunTime:0.000000s ]
SQL: SHOW COLUMNS FROM `kq_config` [ RunTime:0.0000s ]
SQL: SELECT `config_pic` FROM `kq_config` WHERE `id` = 1 LIMIT 1   [ RunTime:0.0000s ]
SQL: SELECT `web_name` FROM `kq_config` WHERE `id` = 1 LIMIT 1   [ RunTime:0.0000s ]
SQL: SELECT `keywords` FROM `kq_config` WHERE `id` = 1 LIMIT 1   [ RunTime:0.0000s ]
SQL: SELECT `description` FROM `kq_config` WHERE `id` = 1 LIMIT 1   [ RunTime:0.0000s ]
SQL: SHOW COLUMNS FROM `kq_character` [ RunTime:0.0000s ]
NOTIC: [8] Undefined variable: arr C:\phpStudy\PHPTutorial\WWW\xueyuan\App\Kqsys\Controller\CommonController.class.php 第 26 行.
SQL: SELECT `character` FROM `kq_character` WHERE `id` = null LIMIT 1   [ RunTime:0.0000s ]
SQL: SHOW COLUMNS FROM `kq_site` [ RunTime:0.0000s ]
SQL: SELECT * FROM `kq_site` WHERE `id` = '33' LIMIT 1   [ RunTime:0.0000s ]
INFO: [ view_parse ] --START--
INFO: [ template_filter ] --START--
INFO: Run Behavior\ContentReplaceBehavior [ RunTime:0.000000s ]
INFO: [ template_filter ] --END-- [ RunTime:0.000000s ]
INFO: Run Behavior\ParseTemplateBehavior [ RunTime:0.015625s ]
INFO: [ view_parse ] --END-- [ RunTime:0.015625s ]
INFO: [ view_filter ] --START--
INFO: Run Behavior\WriteHtmlCacheBehavior [ RunTime:0.000000s ]
INFO: [ view_filter ] --END-- [ RunTime:0.000000s ]
INFO: [ app_end ] --START--
INFO: Run Behavior\ShowPageTraceBehavior [ RunTime:0.000000s ]
INFO: Run Behavior\CronRunBehavior [ RunTime:0.015625s ]
INFO: [ app_end ] --END-- [ RunTime:0.015625s ]

[ 2018-01-06T00:11:30+08:00 ] 223.211.39.81 /index.php?s=/Teachingsite/save_msg/id/33.html
INFO: [ app_init ] --START--
INFO: Run Behavior\BuildLiteBehavior [ RunTime:0.000000s ]
INFO: [ app_init ] --END-- [ RunTime:0.000000s ]
INFO: [ app_begin ] --START--
INFO: Run Behavior\ReadHtmlCacheBehavior [ RunTime:0.000000s ]
INFO: [ app_begin ] --END-- [ RunTime:0.000000s ]
SQL: SHOW COLUMNS FROM `kq_config` [ RunTime:0.0000s ]
SQL: SELECT `config_pic` FROM `kq_config` WHERE `id` = 1 LIMIT 1   [ RunTime:0.0000s ]
SQL: SELECT `web_name` FROM `kq_config` WHERE `id` = 1 LIMIT 1   [ RunTime:0.0000s ]
SQL: SELECT `keywords` FROM `kq_config` WHERE `id` = 1 LIMIT 1   [ RunTime:0.0000s ]
SQL: SELECT `description` FROM `kq_config` WHERE `id` = 1 LIMIT 1   [ RunTime:0.0000s ]
SQL: SHOW COLUMNS FROM `kq_character` [ RunTime:0.0000s ]
NOTIC: [8] Undefined variable: arr C:\phpStudy\PHPTutorial\WWW\xueyuan\App\Kqsys\Controller\CommonController.class.php 第 26 行.
SQL: SELECT `character` FROM `kq_character` WHERE `id` = null LIMIT 1   [ RunTime:0.0000s ]
SQL: SHOW COLUMNS FROM `kq_site` [ RunTime:0.0000s ]
SQL: SELECT * FROM `kq_site` WHERE `id` = '33' LIMIT 1   [ RunTime:0.0000s ]
INFO: [ view_parse ] --START--
INFO: [ template_filter ] --START--
INFO: Run Behavior\ContentReplaceBehavior [ RunTime:0.000000s ]
INFO: [ template_filter ] --END-- [ RunTime:0.000000s ]
INFO: Run Behavior\ParseTemplateBehavior [ RunTime:0.015625s ]
INFO: [ view_parse ] --END-- [ RunTime:0.015625s ]
INFO: [ view_filter ] --START--
INFO: Run Behavior\WriteHtmlCacheBehavior [ RunTime:0.000000s ]
INFO: [ view_filter ] --END-- [ RunTime:0.000000s ]
INFO: [ app_end ] --START--
INFO: Run Behavior\ShowPageTraceBehavior [ RunTime:0.000000s ]
INFO: Run Behavior\CronRunBehavior [ RunTime:0.000000s ]
INFO: [ app_end ] --END-- [ RunTime:0.000000s ]

[ 2018-01-06T00:12:33+08:00 ] 223.211.39.81 /index.php?s=/Teachingsite/site_add.html
INFO: [ app_init ] --START--
INFO: Run Behavior\BuildLiteBehavior [ RunTime:0.000000s ]
INFO: [ app_init ] --END-- [ RunTime:0.000000s ]
INFO: [ app_begin ] --START--
INFO: Run Behavior\ReadHtmlCacheBehavior [ RunTime:0.000000s ]
INFO: [ app_begin ] --END-- [ RunTime:0.000000s ]
SQL: SHOW COLUMNS FROM `kq_config` [ RunTime:0.0000s ]
SQL: SELECT `config_pic` FROM `kq_config` WHERE `id` = 1 LIMIT 1   [ RunTime:0.0000s ]
SQL: SELECT `web_name` FROM `kq_config` WHERE `id` = 1 LIMIT 1   [ RunTime:0.0000s ]
SQL: SELECT `keywords` FROM `kq_config` WHERE `id` = 1 LIMIT 1   [ RunTime:0.0000s ]
SQL: SELECT `description` FROM `kq_config` WHERE `id` = 1 LIMIT 1   [ RunTime:0.0000s ]
SQL: SHOW COLUMNS FROM `kq_character` [ RunTime:0.0000s ]
NOTIC: [8] Undefined variable: arr C:\phpStudy\PHPTutorial\WWW\xueyuan\App\Kqsys\Controller\CommonController.class.php 第 26 行.
SQL: SELECT `character` FROM `kq_character` WHERE `id` = null LIMIT 1   [ RunTime:0.0000s ]
INFO: [ view_parse ] --START--
INFO: [ template_filter ] --START--
INFO: Run Behavior\ContentReplaceBehavior [ RunTime:0.000000s ]
INFO: [ template_filter ] --END-- [ RunTime:0.000000s ]
INFO: Run Behavior\ParseTemplateBehavior [ RunTime:0.000000s ]
INFO: [ view_parse ] --END-- [ RunTime:0.000000s ]
INFO: [ view_filter ] --START--
INFO: Run Behavior\WriteHtmlCacheBehavior [ RunTime:0.000000s ]
INFO: [ view_filter ] --END-- [ RunTime:0.000000s ]
INFO: [ app_end ] --START--
INFO: Run Behavior\ShowPageTraceBehavior [ RunTime:0.015625s ]
INFO: Run Behavior\CronRunBehavior [ RunTime:0.000000s ]
INFO: [ app_end ] --END-- [ RunTime:0.015625s ]

[ 2018-01-06T07:38:32+08:00 ] 167.114.226.133 /
INFO: [ app_init ] --START--
INFO: Run Behavior\BuildLiteBehavior [ RunTime:0.000000s ]
INFO: [ app_init ] --END-- [ RunTime:0.000000s ]
INFO: [ app_begin ] --START--
INFO: Run Behavior\ReadHtmlCacheBehavior [ RunTime:0.000000s ]
INFO: [ app_begin ] --END-- [ RunTime:0.000000s ]
SQL: SHOW COLUMNS FROM `kq_config` [ RunTime:0.0000s ]
SQL: SELECT `config_pic` FROM `kq_config` WHERE `id` = 1 LIMIT 1   [ RunTime:0.0000s ]
SQL: SELECT `web_name` FROM `kq_config` WHERE `id` = 1 LIMIT 1   [ RunTime:0.0000s ]
SQL: SELECT `keywords` FROM `kq_config` WHERE `id` = 1 LIMIT 1   [ RunTime:0.0000s ]
SQL: SELECT `description` FROM `kq_config` WHERE `id` = 1 LIMIT 1   [ RunTime:0.0000s ]

[ 2018-01-06T07:38:34+08:00 ] 167.114.226.133 /index.php?s=/Login/index.html
INFO: [ app_init ] --START--
INFO: Run Behavior\BuildLiteBehavior [ RunTime:0.000000s ]
INFO: [ app_init ] --END-- [ RunTime:0.000000s ]
INFO: [ app_begin ] --START--
INFO: Run Behavior\ReadHtmlCacheBehavior [ RunTime:0.000000s ]
INFO: [ app_begin ] --END-- [ RunTime:0.000000s ]
SQL: SHOW COLUMNS FROM `kq_config` [ RunTime:0.0000s ]
SQL: SELECT `copyright`,`config_pic` FROM `kq_config` LIMIT 1   [ RunTime:0.0000s ]
INFO: [ view_parse ] --START--
INFO: [ template_filter ] --START--
INFO: Run Behavior\ContentReplaceBehavior [ RunTime:0.000000s ]
INFO: [ template_filter ] --END-- [ RunTime:0.000000s ]
INFO: Run Behavior\ParseTemplateBehavior [ RunTime:0.015625s ]
INFO: [ view_parse ] --END-- [ RunTime:0.015625s ]
INFO: [ view_filter ] --START--
INFO: Run Behavior\WriteHtmlCacheBehavior [ RunTime:0.000000s ]
INFO: [ view_filter ] --END-- [ RunTime:0.000000s ]
INFO: [ app_end ] --START--
INFO: Run Behavior\ShowPageTraceBehavior [ RunTime:0.000000s ]
INFO: Run Behavior\CronRunBehavior [ RunTime:0.000000s ]
INFO: [ app_end ] --END-- [ RunTime:0.000000s ]

[ 2018-01-06T11:57:47+08:00 ] 202.173.10.25 /
INFO: [ app_init ] --START--
INFO: Run Behavior\BuildLiteBehavior [ RunTime:0.000000s ]
INFO: [ app_init ] --END-- [ RunTime:0.000000s ]
INFO: [ app_begin ] --START--
INFO: Run Behavior\ReadHtmlCacheBehavior [ RunTime:0.000000s ]
INFO: [ app_begin ] --END-- [ RunTime:0.000000s ]
SQL: SHOW COLUMNS FROM `kq_config` [ RunTime:0.0000s ]
SQL: SELECT `config_pic` FROM `kq_config` WHERE `id` = 1 LIMIT 1   [ RunTime:0.0000s ]
SQL: SELECT `web_name` FROM `kq_config` WHERE `id` = 1 LIMIT 1   [ RunTime:0.0000s ]
SQL: SELECT `keywords` FROM `kq_config` WHERE `id` = 1 LIMIT 1   [ RunTime:0.0000s ]
SQL: SELECT `description` FROM `kq_config` WHERE `id` = 1 LIMIT 1   [ RunTime:0.0000s ]

[ 2018-01-06T11:57:48+08:00 ] 202.173.10.25 /index.php?s=/Login/index.html
INFO: [ app_init ] --START--
INFO: Run Behavior\BuildLiteBehavior [ RunTime:0.000000s ]
INFO: [ app_init ] --END-- [ RunTime:0.000000s ]
INFO: [ app_begin ] --START--
INFO: Run Behavior\ReadHtmlCacheBehavior [ RunTime:0.000000s ]
INFO: [ app_begin ] --END-- [ RunTime:0.000000s ]
SQL: SHOW COLUMNS FROM `kq_config` [ RunTime:0.0000s ]
SQL: SELECT `copyright`,`config_pic` FROM `kq_config` LIMIT 1   [ RunTime:0.0000s ]
INFO: [ view_parse ] --START--
INFO: [ template_filter ] --START--
INFO: Run Behavior\ContentReplaceBehavior [ RunTime:0.000000s ]
INFO: [ template_filter ] --END-- [ RunTime:0.000000s ]
INFO: Run Behavior\ParseTemplateBehavior [ RunTime:0.015625s ]
INFO: [ view_parse ] --END-- [ RunTime:0.015625s ]
INFO: [ view_filter ] --START--
INFO: Run Behavior\WriteHtmlCacheBehavior [ RunTime:0.000000s ]
INFO: [ view_filter ] --END-- [ RunTime:0.000000s ]
INFO: [ app_end ] --START--
INFO: Run Behavior\ShowPageTraceBehavior [ RunTime:0.000000s ]
INFO: Run Behavior\CronRunBehavior [ RunTime:0.000000s ]
INFO: [ app_end ] --END-- [ RunTime:0.000000s ]

[ 2018-01-06T15:00:41+08:00 ] 220.181.132.178 /
INFO: [ app_init ] --START--
INFO: Run Behavior\BuildLiteBehavior [ RunTime:0.000000s ]
INFO: [ app_init ] --END-- [ RunTime:0.000000s ]
INFO: [ app_begin ] --START--
INFO: Run Behavior\ReadHtmlCacheBehavior [ RunTime:0.000000s ]
INFO: [ app_begin ] --END-- [ RunTime:0.000000s ]
SQL: SHOW COLUMNS FROM `kq_config` [ RunTime:0.0000s ]
SQL: SELECT `config_pic` FROM `kq_config` WHERE `id` = 1 LIMIT 1   [ RunTime:0.0000s ]
SQL: SELECT `web_name` FROM `kq_config` WHERE `id` = 1 LIMIT 1   [ RunTime:0.0000s ]
SQL: SELECT `keywords` FROM `kq_config` WHERE `id` = 1 LIMIT 1   [ RunTime:0.0000s ]
SQL: SELECT `description` FROM `kq_config` WHERE `id` = 1 LIMIT 1   [ RunTime:0.0000s ]

[ 2018-01-06T15:00:42+08:00 ] 220.181.132.178 /index.php?s=/Login/index.html
INFO: [ app_init ] --START--
INFO: Run Behavior\BuildLiteBehavior [ RunTime:0.000000s ]
INFO: [ app_init ] --END-- [ RunTime:0.000000s ]
INFO: [ app_begin ] --START--
INFO: Run Behavior\ReadHtmlCacheBehavior [ RunTime:0.000000s ]
INFO: [ app_begin ] --END-- [ RunTime:0.000000s ]
SQL: SHOW COLUMNS FROM `kq_config` [ RunTime:0.0000s ]
SQL: SELECT `copyright`,`config_pic` FROM `kq_config` LIMIT 1   [ RunTime:0.0000s ]
INFO: [ view_parse ] --START--
INFO: [ template_filter ] --START--
INFO: Run Behavior\ContentReplaceBehavior [ RunTime:0.000000s ]
INFO: [ template_filter ] --END-- [ RunTime:0.000000s ]
INFO: Run Behavior\ParseTemplateBehavior [ RunTime:0.015625s ]
INFO: [ view_parse ] --END-- [ RunTime:0.015625s ]
INFO: [ view_filter ] --START--
INFO: Run Behavior\WriteHtmlCacheBehavior [ RunTime:0.000000s ]
INFO: [ view_filter ] --END-- [ RunTime:0.000000s ]
INFO: [ app_end ] --START--
INFO: Run Behavior\ShowPageTraceBehavior [ RunTime:0.000000s ]
INFO: Run Behavior\CronRunBehavior [ RunTime:0.000000s ]
INFO: [ app_end ] --END-- [ RunTime:0.000000s ]

[ 2018-01-06T15:00:47+08:00 ] 106.120.162.97 /
INFO: [ app_init ] --START--
INFO: Run Behavior\BuildLiteBehavior [ RunTime:0.000000s ]
INFO: [ app_init ] --END-- [ RunTime:0.000000s ]
INFO: [ app_begin ] --START--
INFO: Run Behavior\ReadHtmlCacheBehavior [ RunTime:0.000000s ]
INFO: [ app_begin ] --END-- [ RunTime:0.000000s ]
SQL: SHOW COLUMNS FROM `kq_config` [ RunTime:0.0000s ]
SQL: SELECT `config_pic` FROM `kq_config` WHERE `id` = 1 LIMIT 1   [ RunTime:0.0000s ]
SQL: SELECT `web_name` FROM `kq_config` WHERE `id` = 1 LIMIT 1   [ RunTime:0.0000s ]
SQL: SELECT `keywords` FROM `kq_config` WHERE `id` = 1 LIMIT 1   [ RunTime:0.0000s ]
SQL: SELECT `description` FROM `kq_config` WHERE `id` = 1 LIMIT 1   [ RunTime:0.0000s ]

[ 2018-01-06T15:00:48+08:00 ] 106.120.162.97 /index.php?s=/Login/index.html
INFO: [ app_init ] --START--
INFO: Run Behavior\BuildLiteBehavior [ RunTime:0.000000s ]
INFO: [ app_init ] --END-- [ RunTime:0.000000s ]
INFO: [ app_begin ] --START--
INFO: Run Behavior\ReadHtmlCacheBehavior [ RunTime:0.015625s ]
INFO: [ app_begin ] --END-- [ RunTime:0.015625s ]
SQL: SHOW COLUMNS FROM `kq_config` [ RunTime:0.0000s ]
SQL: SELECT `copyright`,`config_pic` FROM `kq_config` LIMIT 1   [ RunTime:0.0000s ]
INFO: [ view_parse ] --START--
INFO: [ template_filter ] --START--
INFO: Run Behavior\ContentReplaceBehavior [ RunTime:0.000000s ]
INFO: [ template_filter ] --END-- [ RunTime:0.000000s ]
INFO: Run Behavior\ParseTemplateBehavior [ RunTime:0.000000s ]
INFO: [ view_parse ] --END-- [ RunTime:0.000000s ]
INFO: [ view_filter ] --START--
INFO: Run Behavior\WriteHtmlCacheBehavior [ RunTime:0.000000s ]
INFO: [ view_filter ] --END-- [ RunTime:0.000000s ]
INFO: [ app_end ] --START--
INFO: Run Behavior\ShowPageTraceBehavior [ RunTime:0.000000s ]
INFO: Run Behavior\CronRunBehavior [ RunTime:0.000000s ]
INFO: [ app_end ] --END-- [ RunTime:0.000000s ]

[ 2018-01-06T15:00:48+08:00 ] 106.120.162.97 /index.php?s=/Login/verify.html
INFO: [ app_init ] --START--
INFO: Run Behavior\BuildLiteBehavior [ RunTime:0.000000s ]
INFO: [ app_init ] --END-- [ RunTime:0.000000s ]
INFO: [ app_begin ] --START--
INFO: Run Behavior\ReadHtmlCacheBehavior [ RunTime:0.000000s ]
INFO: [ app_begin ] --END-- [ RunTime:0.000000s ]
INFO: [ app_end ] --START--
INFO: Run Behavior\ShowPageTraceBehavior [ RunTime:0.000000s ]
INFO: Run Behavior\CronRunBehavior [ RunTime:0.000000s ]
INFO: [ app_end ] --END-- [ RunTime:0.000000s ]

[ 2018-01-06T15:58:12+08:00 ] 104.192.74.20 /robots.txt
INFO: [ app_init ] --START--
INFO: Run Behavior\BuildLiteBehavior [ RunTime:0.000000s ]
INFO: [ app_init ] --END-- [ RunTime:0.000000s ]
INFO: [ app_begin ] --START--
INFO: Run Behavior\ReadHtmlCacheBehavior [ RunTime:0.000000s ]
INFO: [ app_begin ] --END-- [ RunTime:0.000000s ]
ERR: 无法加载控制器:Robots.txt

[ 2018-01-06T15:58:14+08:00 ] 104.192.74.20 /
INFO: [ app_init ] --START--
INFO: Run Behavior\BuildLiteBehavior [ RunTime:0.000000s ]
INFO: [ app_init ] --END-- [ RunTime:0.000000s ]
INFO: [ app_begin ] --START--
INFO: Run Behavior\ReadHtmlCacheBehavior [ RunTime:0.000000s ]
INFO: [ app_begin ] --END-- [ RunTime:0.000000s ]
SQL: SHOW COLUMNS FROM `kq_config` [ RunTime:0.0000s ]
SQL: SELECT `config_pic` FROM `kq_config` WHERE `id` = 1 LIMIT 1   [ RunTime:0.0000s ]
SQL: SELECT `web_name` FROM `kq_config` WHERE `id` = 1 LIMIT 1   [ RunTime:0.0000s ]
SQL: SELECT `keywords` FROM `kq_config` WHERE `id` = 1 LIMIT 1   [ RunTime:0.0000s ]
SQL: SELECT `description` FROM `kq_config` WHERE `id` = 1 LIMIT 1   [ RunTime:0.0000s ]

[ 2018-01-06T15:58:15+08:00 ] 104.192.74.20 /index.php?s=/Login/index.html
INFO: [ app_init ] --START--
INFO: Run Behavior\BuildLiteBehavior [ RunTime:0.000000s ]
INFO: [ app_init ] --END-- [ RunTime:0.000000s ]
INFO: [ app_begin ] --START--
INFO: Run Behavior\ReadHtmlCacheBehavior [ RunTime:0.000000s ]
INFO: [ app_begin ] --END-- [ RunTime:0.000000s ]
SQL: SHOW COLUMNS FROM `kq_config` [ RunTime:0.0000s ]
SQL: SELECT `copyright`,`config_pic` FROM `kq_config` LIMIT 1   [ RunTime:0.0000s ]
INFO: [ view_parse ] --START--
INFO: [ template_filter ] --START--
INFO: Run Behavior\ContentReplaceBehavior [ RunTime:0.000000s ]
INFO: [ template_filter ] --END-- [ RunTime:0.000000s ]
INFO: Run Behavior\ParseTemplateBehavior [ RunTime:0.015625s ]
INFO: [ view_parse ] --END-- [ RunTime:0.015625s ]
INFO: [ view_filter ] --START--
INFO: Run Behavior\WriteHtmlCacheBehavior [ RunTime:0.000000s ]
INFO: [ view_filter ] --END-- [ RunTime:0.000000s ]
INFO: [ app_end ] --START--
INFO: Run Behavior\ShowPageTraceBehavior [ RunTime:0.000000s ]
INFO: Run Behavior\CronRunBehavior [ RunTime:0.000000s ]
INFO: [ app_end ] --END-- [ RunTime:0.000000s ]

[ 2018-01-06T15:58:17+08:00 ] 104.192.74.20 /index.php?s=/Login/index.html
INFO: [ app_init ] --START--
INFO: Run Behavior\BuildLiteBehavior [ RunTime:0.000000s ]
INFO: [ app_init ] --END-- [ RunTime:0.000000s ]
INFO: [ app_begin ] --START--
INFO: Run Behavior\ReadHtmlCacheBehavior [ RunTime:0.000000s ]
INFO: [ app_begin ] --END-- [ RunTime:0.000000s ]
SQL: SHOW COLUMNS FROM `kq_config` [ RunTime:0.0000s ]
SQL: SELECT `copyright`,`config_pic` FROM `kq_config` LIMIT 1   [ RunTime:0.0000s ]
INFO: [ view_parse ] --START--
INFO: [ template_filter ] --START--
INFO: Run Behavior\ContentReplaceBehavior [ RunTime:0.000000s ]
INFO: [ template_filter ] --END-- [ RunTime:0.000000s ]
INFO: Run Behavior\ParseTemplateBehavior [ RunTime:0.000000s ]
INFO: [ view_parse ] --END-- [ RunTime:0.000000s ]
INFO: [ view_filter ] --START--
INFO: Run Behavior\WriteHtmlCacheBehavior [ RunTime:0.000000s ]
INFO: [ view_filter ] --END-- [ RunTime:0.000000s ]
INFO: [ app_end ] --START--
INFO: Run Behavior\ShowPageTraceBehavior [ RunTime:0.000000s ]
INFO: Run Behavior\CronRunBehavior [ RunTime:0.000000s ]
INFO: [ app_end ] --END-- [ RunTime:0.000000s ]

[ 2018-01-06T16:00:28+08:00 ] 119.126.156.106 /loginapi/login
INFO: [ app_init ] --START--
INFO: Run Behavior\BuildLiteBehavior [ RunTime:0.000000s ]
INFO: [ app_init ] --END-- [ RunTime:0.000000s ]
INFO: [ app_begin ] --START--
INFO: Run Behavior\ReadHtmlCacheBehavior [ RunTime:0.000000s ]
INFO: [ app_begin ] --END-- [ RunTime:0.000000s ]
SQL: SHOW COLUMNS FROM `kq_site` [ RunTime:0.0000s ]
SQL: SELECT * FROM `kq_site` WHERE `account` = 'zzcn77' AND `password` = '14e1b600b1fd579f47433b88e8d85291' AND `status` = 1 LIMIT 1   [ RunTime:0.0000s ]

[ 2018-01-06T16:00:30+08:00 ] 119.126.156.106 /userapi/lists
INFO: [ app_init ] --START--
INFO: Run Behavior\BuildLiteBehavior [ RunTime:0.000000s ]
INFO: [ app_init ] --END-- [ RunTime:0.000000s ]
INFO: [ app_begin ] --START--
INFO: Run Behavior\ReadHtmlCacheBehavior [ RunTime:0.000000s ]
INFO: [ app_begin ] --END-- [ RunTime:0.000000s ]
SQL: SHOW COLUMNS FROM `kq_user` [ RunTime:0.0000s ]
SQL: SHOW COLUMNS FROM `kq_site` [ RunTime:0.0000s ]
SQL: SELECT `id`,`number`,`name`,`shang_hours`,`total_hours`,`end_time` FROM `kq_user` WHERE `status` = 1 AND `sid` = 28 LIMIT 0,10   [ RunTime:0.0000s ]
SQL: SELECT `id`,`name` FROM `kq_site` WHERE `id` = 28 LIMIT 0,10   [ RunTime:0.0000s ]

[ 2018-01-06T16:39:51+08:00 ] 119.126.156.106 /loginapi/login
INFO: [ app_init ] --START--
INFO: Run Behavior\BuildLiteBehavior [ RunTime:0.000000s ]
INFO: [ app_init ] --END-- [ RunTime:0.000000s ]
INFO: [ app_begin ] --START--
INFO: Run Behavior\ReadHtmlCacheBehavior [ RunTime:0.000000s ]
INFO: [ app_begin ] --END-- [ RunTime:0.000000s ]
SQL: SHOW COLUMNS FROM `kq_site` [ RunTime:0.0000s ]
SQL: SELECT * FROM `kq_site` WHERE `account` = 'zzcn77' AND `password` = '14e1b600b1fd579f47433b88e8d85291' AND `status` = 1 LIMIT 1   [ RunTime:0.0000s ]

[ 2018-01-06T16:51:01+08:00 ] 119.126.156.106 /userapi/lists
INFO: [ app_init ] --START--
INFO: Run Behavior\BuildLiteBehavior [ RunTime:0.000000s ]
INFO: [ app_init ] --END-- [ RunTime:0.000000s ]
INFO: [ app_begin ] --START--
INFO: Run Behavior\ReadHtmlCacheBehavior [ RunTime:0.000000s ]
INFO: [ app_begin ] --END-- [ RunTime:0.000000s ]
SQL: SHOW COLUMNS FROM `kq_user` [ RunTime:0.0000s ]
SQL: SHOW COLUMNS FROM `kq_site` [ RunTime:0.0000s ]
SQL: SELECT `id`,`number`,`name`,`shang_hours`,`total_hours`,`end_time` FROM `kq_user` WHERE `status` = 1 AND `sid` = 28 LIMIT 0,10   [ RunTime:0.0000s ]
SQL: SELECT `id`,`name` FROM `kq_site` WHERE `id` = 28 LIMIT 0,10   [ RunTime:0.0000s ]

[ 2018-01-06T17:23:59+08:00 ] 119.126.156.106 /userapi/get_scan
INFO: [ app_init ] --START--
INFO: Run Behavior\BuildLiteBehavior [ RunTime:0.000000s ]
INFO: [ app_init ] --END-- [ RunTime:0.000000s ]
INFO: [ app_begin ] --START--
INFO: Run Behavior\ReadHtmlCacheBehavior [ RunTime:0.000000s ]
INFO: [ app_begin ] --END-- [ RunTime:0.000000s ]
SQL: SHOW COLUMNS FROM `kq_user` [ RunTime:0.0000s ]
SQL: SELECT `id`,`total_hours`,`shang_hours` FROM `kq_user` WHERE ( number='ys4f5bjfuy' ) LIMIT 1   [ RunTime:0.0000s ]
SQL: SELECT `id`,`number`,`name`,`sex`,`age`,`tel`,`sid`,`total_hours`,`shang_hours`,`start_time`,`end_time` FROM `kq_user` WHERE ( id='25' ) LIMIT 1   [ RunTime:0.0000s ]
SQL: SHOW COLUMNS FROM `kq_site` [ RunTime:0.0000s ]
SQL: SELECT `name` FROM `kq_site` WHERE ( id='31' ) LIMIT 1   [ RunTime:0.0000s ]

[ 2018-01-06T18:15:40+08:00 ] 106.11.226.111 /
INFO: [ app_init ] --START--
INFO: Run Behavior\BuildLiteBehavior [ RunTime:0.000000s ]
INFO: [ app_init ] --END-- [ RunTime:0.000000s ]
INFO: [ app_begin ] --START--
INFO: Run Behavior\ReadHtmlCacheBehavior [ RunTime:0.000000s ]
INFO: [ app_begin ] --END-- [ RunTime:0.000000s ]
SQL: SHOW COLUMNS FROM `kq_config` [ RunTime:0.0000s ]
SQL: SELECT `config_pic` FROM `kq_config` WHERE `id` = 1 LIMIT 1   [ RunTime:0.0000s ]
SQL: SELECT `web_name` FROM `kq_config` WHERE `id` = 1 LIMIT 1   [ RunTime:0.0000s ]
SQL: SELECT `keywords` FROM `kq_config` WHERE `id` = 1 LIMIT 1   [ RunTime:0.0000s ]
SQL: SELECT `description` FROM `kq_config` WHERE `id` = 1 LIMIT 1   [ RunTime:0.0000s ]

[ 2018-01-06T18:15:41+08:00 ] 106.11.226.111 /index.php?s=/Login/index.html
INFO: [ app_init ] --START--
INFO: Run Behavior\BuildLiteBehavior [ RunTime:0.000000s ]
INFO: [ app_init ] --END-- [ RunTime:0.000000s ]
INFO: [ app_begin ] --START--
INFO: Run Behavior\ReadHtmlCacheBehavior [ RunTime:0.000000s ]
INFO: [ app_begin ] --END-- [ RunTime:0.000000s ]
SQL: SHOW COLUMNS FROM `kq_config` [ RunTime:0.0000s ]
SQL: SELECT `copyright`,`config_pic` FROM `kq_config` LIMIT 1   [ RunTime:0.0000s ]
INFO: [ view_parse ] --START--
INFO: [ template_filter ] --START--
INFO: Run Behavior\ContentReplaceBehavior [ RunTime:0.015625s ]
INFO: [ template_filter ] --END-- [ RunTime:0.015625s ]
INFO: Run Behavior\ParseTemplateBehavior [ RunTime:0.015625s ]
INFO: [ view_parse ] --END-- [ RunTime:0.015625s ]
INFO: [ view_filter ] --START--
INFO: Run Behavior\WriteHtmlCacheBehavior [ RunTime:0.000000s ]
INFO: [ view_filter ] --END-- [ RunTime:0.000000s ]
INFO: [ app_end ] --START--
INFO: Run Behavior\ShowPageTraceBehavior [ RunTime:0.000000s ]
INFO: Run Behavior\CronRunBehavior [ RunTime:0.000000s ]
INFO: [ app_end ] --END-- [ RunTime:0.000000s ]

[ 2018-01-06T18:55:23+08:00 ] 101.247.197.131 /loginapi/login
INFO: [ app_init ] --START--
INFO: Run Behavior\BuildLiteBehavior [ RunTime:0.000000s ]
INFO: [ app_init ] --END-- [ RunTime:0.000000s ]
INFO: [ app_begin ] --START--
INFO: Run Behavior\ReadHtmlCacheBehavior [ RunTime:0.000000s ]
INFO: [ app_begin ] --END-- [ RunTime:0.000000s ]
SQL: SHOW COLUMNS FROM `kq_site` [ RunTime:0.0000s ]
SQL: SELECT * FROM `kq_site` WHERE `account` = 'glxc9030' AND `password` = '14e1b600b1fd579f47433b88e8d85291' AND `status` = 1 LIMIT 1   [ RunTime:0.0000s ]

[ 2018-01-06T18:55:24+08:00 ] 101.247.197.131 /userapi/lists
INFO: [ app_init ] --START--
INFO: Run Behavior\BuildLiteBehavior [ RunTime:0.000000s ]
INFO: [ app_init ] --END-- [ RunTime:0.000000s ]
INFO: [ app_begin ] --START--
INFO: Run Behavior\ReadHtmlCacheBehavior [ RunTime:0.015625s ]
INFO: [ app_begin ] --END-- [ RunTime:0.015625s ]
SQL: SHOW COLUMNS FROM `kq_user` [ RunTime:0.0000s ]
SQL: SHOW COLUMNS FROM `kq_site` [ RunTime:0.0000s ]
SQL: SELECT `id`,`number`,`name`,`shang_hours`,`total_hours`,`end_time` FROM `kq_user` WHERE `status` = 1 AND `sid` = 33 LIMIT 0,10   [ RunTime:0.0000s ]
SQL: SELECT `id`,`name` FROM `kq_site` WHERE `id` = 33 LIMIT 0,10   [ RunTime:0.0000s ]

